DEBUG main org.eclipse.stardust.model.bpmn2.transform.xpdl.Bpmn2StardustXPDL - addExclusiveGatewayTestModelGateA GateA
DEBUG main org.eclipse.stardust.model.bpmn2.transform.xpdl.elements.control.Gateway2Stardust - transition: TestModelTaskAToGateA setSequenceTrueCondition
DEBUG main org.eclipse.stardust.model.bpmn2.transform.xpdl.elements.control.Gateway2Stardust - transition: TestModelGateAToGateB setSequenceTrueCondition
DEBUG main org.eclipse.stardust.model.bpmn2.transform.xpdl.elements.control.Gateway2Stardust - transition: TestModelGateAToEndC setSequenceTrueCondition
DEBUG main org.eclipse.stardust.model.bpmn2.transform.xpdl.Bpmn2StardustXPDL - addSequenceFlow org.eclipse.bpmn2.impl.SequenceFlowImpl@604f05f8 (id: TestModelStartToTaskA, anyAttribute: null) (name: null) (isImmediate: false)
DEBUG main org.eclipse.stardust.model.bpmn2.transform.xpdl.Bpmn2StardustXPDL - addSequenceFlow org.eclipse.bpmn2.impl.SequenceFlowImpl@64110e2d (id: TestModelTaskAToGateA, anyAttribute: null) (name: null) (isImmediate: false)
DEBUG main org.eclipse.stardust.model.bpmn2.transform.xpdl.Bpmn2StardustXPDL - addSequenceFlow org.eclipse.bpmn2.impl.SequenceFlowImpl@1bb9dfae (id: TestModelGateBToTaskB, anyAttribute: null) (name: X==1) (isImmediate: false)
DEBUG main org.eclipse.stardust.model.bpmn2.transform.xpdl.Bpmn2StardustXPDL - addSequenceFlow org.eclipse.bpmn2.impl.SequenceFlowImpl@480c26ba (id: TestModelGateBToEndB, anyAttribute: null) (name: X==2) (isImmediate: false)
DEBUG main org.eclipse.stardust.model.bpmn2.transform.xpdl.Bpmn2StardustXPDL - addSequenceFlow org.eclipse.bpmn2.impl.SequenceFlowImpl@15c2a24a (id: TestModelTaskBToEndA, anyAttribute: null) (name: null) (isImmediate: false)
DEBUG main org.eclipse.stardust.model.bpmn2.transform.xpdl.elements.control.SequenceFlow2Stardust - transition: TestModelTaskBToEndA setSequenceTrueCondition
DEBUG main org.eclipse.stardust.model.bpmn2.transform.xpdl.Bpmn2StardustXPDL - addSequenceFlow org.eclipse.bpmn2.impl.SequenceFlowImpl@1d2cb36f (id: TestModelGateAToGateB, anyAttribute: null) (name: null) (isImmediate: false)
DEBUG main org.eclipse.stardust.model.bpmn2.transform.xpdl.Bpmn2StardustXPDL - addSequenceFlow org.eclipse.bpmn2.impl.SequenceFlowImpl@61b84b5f (id: TestModelGateAToEndC, anyAttribute: null) (name: null) (isImmediate: false)
INFO main org.eclipse.stardust.model.bpmn2.transform.xpdl.Bpmn2StardustXPDL - Finalize transformation.
DEBUG main org.eclipse.stardust.model.bpmn2.transform.xpdl.Bpmn2StardustXPDL - serializeTargetModel
INFO main org.eclipse.stardust.model.bpmn2.transform.TransformationControl - StartEvent - no event definition available (TestModelStartEvent). Manual Start is assumed.
INFO main org.eclipse.stardust.model.bpmn2.transform.TransformationControl - No Event Definition found. (Event org.eclipse.bpmn2.impl.EndEventImpl@4c1df613 (id: TestModelEndEventA, anyAttribute: null) (name: End A) in org.eclipse.bpmn2.impl.ProcessImpl@581bb35d (id: _2f9a552c-a6d9-484a-97a4-bcbd4dabdbae, anyAttribute: null) (name: Hauptprozess) (isClosed: false, isExecutable: false, processType: None))
INFO main org.eclipse.stardust.model.bpmn2.transform.TransformationControl - No Event Definition found. (Event org.eclipse.bpmn2.impl.EndEventImpl@4306806f (id: TestModelEndEventB, anyAttribute: null) (name: End B) in org.eclipse.bpmn2.impl.ProcessImpl@581bb35d (id: _2f9a552c-a6d9-484a-97a4-bcbd4dabdbae, anyAttribute: null) (name: Hauptprozess) (isClosed: false, isExecutable: false, processType: None))
INFO main org.eclipse.stardust.model.bpmn2.transform.TransformationControl - No Event Definition found. (Event org.eclipse.bpmn2.impl.EndEventImpl@5fda19c9 (id: TestModelEndEventC, anyAttribute: null) (name: End C) in org.eclipse.bpmn2.impl.ProcessImpl@581bb35d (id: _2f9a552c-a6d9-484a-97a4-bcbd4dabdbae, anyAttribute: null) (name: Hauptprozess) (isClosed: false, isExecutable: false, processType: None))
INFO main org.eclipse.stardust.model.bpmn2.transform.TransformationControl - 
INFO main org.eclipse.stardust.model.bpmn2.input.BPMNModelImporter - importModel /C:/itpearls-src/stardust-bpmn2/org.eclipse.stardust.model.bpmn2.transform/target/test-classes/models/bpmn/Uncontrolled_NoneDefaultConditional.bpmn
INFO main org.eclipse.stardust.model.bpmn2.input.BPMNModelImporter - importModel file:/C:/itpearls-src/stardust-bpmn2/org.eclipse.stardust.model.bpmn2.transform/target/test-classes/models/bpmn/Uncontrolled_NoneDefaultConditional.bpmn
INFO main org.eclipse.stardust.model.bpmn2.transform.xpdl.Bpmn2StardustXPDL - createTargetModel Mein Diagramm
DEBUG main org.eclipse.stardust.model.bpmn2.transform.xpdl.Bpmn2StardustXPDL - addProcess org.eclipse.bpmn2.impl.ProcessImpl@50d20677 (id: _cd9fd65f-8966-41cc-9b51-9c975b9462c2, anyAttribute: [BPMN2.0:isMainProcess=true]) (name: Hauptprozess) (isClosed: false, isExecutable: false, processType: None)
DEBUG main org.eclipse.stardust.model.bpmn2.transform.xpdl.Bpmn2StardustXPDL - addAbstractTask org.eclipse.bpmn2.impl.TaskImpl@ca69815 (id: _c7ed743c-e7bc-461b-888f-037da7cfd92b, anyAttribute: null) (name: a) (completionQuantity: 1, isForCompensation: false, startQuantity: 1) in org.eclipse.bpmn2.impl.ProcessImpl@50d20677 (id: _cd9fd65f-8966-41cc-9b51-9c975b9462c2, anyAttribute: [BPMN2.0:isMainProcess=true]) (name: Hauptprozess) (isClosed: false, isExecutable: false, processType: None)
DEBUG main org.eclipse.stardust.model.bpmn2.transform.xpdl.Bpmn2StardustXPDL - addAbstractTask org.eclipse.bpmn2.impl.TaskImpl@d4a9130 (id: _5e1751bc-8999-44c0-b5d0-19914c44af39, anyAttribute: null) (name: b) (completionQuantity: 1, isForCompensation: false, startQuantity: 1) in org.eclipse.bpmn2.impl.ProcessImpl@50d20677 (id: _cd9fd65f-8966-41cc-9b51-9c975b9462c2, anyAttribute: [BPMN2.0:isMainProcess=true]) (name: Hauptprozess) (isClosed: false, isExecutable: false, processType: None)
DEBUG main org.eclipse.stardust.model.bpmn2.transform.xpdl.Bpmn2StardustXPDL - addAbstractTask org.eclipse.bpmn2.impl.TaskImpl@1a81ed21 (id: _8bea47ea-efc4-4c95-9c30-6e7fb4468103, anyAttribute: null) (name: c) (completionQuantity: 1, isForCompensation: false, startQuantity: 1) in org.eclipse.bpmn2.impl.ProcessImpl@50d20677 (id: _cd9fd65f-8966-41cc-9b51-9c975b9462c2, anyAttribute: [BPMN2.0:isMainProcess=true]) (name: Hauptprozess) (isClosed: false, isExecutable: false, processType: None)
DEBUG main org.eclipse.stardust.model.bpmn2.transform.xpdl.Bpmn2StardustXPDL - addAbstractTask org.eclipse.bpmn2.impl.TaskImpl@47f71f1f (id: _ee84e11c-74d6-4a9d-b556-03e87928a652, anyAttribute: null) (name: d) (completionQuantity: 1, isForCompensation: false, startQuantity: 1) in org.eclipse.bpmn2.impl.ProcessImpl@50d20677 (id: _cd9fd65f-8966-41cc-9b51-9c975b9462c2, anyAttribute: [BPMN2.0:isMainProcess=true]) (name: Hauptprozess) (isClosed: false, isExecutable: false, processType: None)
DEBUG main org.eclipse.stardust.model.bpmn2.transform.xpdl.Bpmn2StardustXPDL - Process control flows not using gateways (uncontrolled or conditional sequences) in container: org.eclipse.bpmn2.impl.ProcessImpl@50d20677 (id: _cd9fd65f-8966-41cc-9b51-9c975b9462c2, anyAttribute: [BPMN2.0:isMainProcess=true]) (name: Hauptprozess) (isClosed: false, isExecutable: false, processType: None)
DEBUG main org.eclipse.stardust.model.bpmn2.transform.xpdl.Bpmn2StardustXPDL - addSequenceFlow org.eclipse.bpmn2.impl.SequenceFlowImpl@3a12a85e (id: _7031750c-3d72-411f-b063-1811af56990b, anyAttribute: null) (name: null) (isImmediate: false)
DEBUG main org.eclipse.stardust.model.bpmn2.transform.xpdl.Bpmn2StardustXPDL - addSequenceFlow org.eclipse.bpmn2.impl.SequenceFlowImpl@1eebd11b (id: _326f8d55-f2b6-484e-a8d5-cc00c1e214b5, anyAttribute: null) (name: null) (isImmediate: false)
DEBUG main org.eclipse.stardust.model.bpmn2.transform.xpdl.Bpmn2StardustXPDL - addSequenceFlow org.eclipse.bpmn2.impl.SequenceFlowImpl@bed5379 (id: _89658b13-41c5-4729-82e1-45757668669f, anyAttribute: null) (name: null) (isImmediate: false)
INFO main org.eclipse.stardust.model.bpmn2.transform.xpdl.Bpmn2StardustXPDL - Finalize transformation.
DEBUG main org.eclipse.stardust.model.bpmn2.transform.xpdl.Bpmn2StardustXPDL - serializeTargetModel
INFO main org.eclipse.stardust.model.bpmn2.transform.TransformationControl - 
INFO main org.eclipse.stardust.model.bpmn2.input.BPMNModelImporter - importModel /C:/itpearls-src/stardust-bpmn2/org.eclipse.stardust.model.bpmn2.transform/target/test-classes/models/bpmn/ConvergingGatewaySequenceWithConditionalSequences.bpmn
INFO main org.eclipse.stardust.model.bpmn2.input.BPMNModelImporter - importModel file:/C:/itpearls-src/stardust-bpmn2/org.eclipse.stardust.model.bpmn2.transform/target/test-classes/models/bpmn/ConvergingGatewaySequenceWithConditionalSequences.bpmn
INFO main org.eclipse.stardust.model.bpmn2.transform.xpdl.Bpmn2StardustXPDL - createTargetModel null
DEBUG main org.eclipse.stardust.model.bpmn2.transform.xpdl.Bpmn2StardustXPDL - addProcess org.eclipse.bpmn2.impl.ProcessImpl@30da61d8 (id: _db2366a6-4a49-48cd-9c13-261d2d9626aa, anyAttribute: null) (name: Hauptprozess) (isClosed: false, isExecutable: false, processType: None)
DEBUG main org.eclipse.stardust.model.bpmn2.transform.xpdl.Bpmn2StardustXPDL - addServiceTask org.eclipse.bpmn2.impl.ServiceTaskImpl@514dc4f6 (id: TestModelTaskA, anyAttribute: null) (name: a) (completionQuantity: 1, isForCompensation: false, startQuantity: 1) (implementation: ##unspecified) in org.eclipse.bpmn2.impl.ProcessImpl@30da61d8 (id: _db2366a6-4a49-48cd-9c13-261d2d9626aa, anyAttribute: null) (name: Hauptprozess) (isClosed: false, isExecutable: false, processType: None)
INFO main org.eclipse.stardust.model.bpmn2.transform.xpdl.elements.activity.task.ServiceTask2Stardust - Add service task: org.eclipse.bpmn2.impl.ServiceTaskImpl@514dc4f6 (id: TestModelTaskA, anyAttribute: null) (name: a) (completionQuantity: 1, isForCompensation: false, startQuantity: 1) (implementation: ##unspecified)
DEBUG main org.eclipse.stardust.model.bpmn2.transform.xpdl.Bpmn2StardustXPDL - addServiceTask org.eclipse.bpmn2.impl.ServiceTaskImpl@48be1c2d (id: TestModelTaskB, anyAttribute: null) (name: b) (completionQuantity: 1, isForCompensation: false, startQuantity: 1) (implementation: ##unspecified) in org.eclipse.bpmn2.impl.ProcessImpl@30da61d8 (id: _db2366a6-4a49-48cd-9c13-261d2d9626aa, anyAttribute: null) (name: Hauptprozess) (isClosed: false, isExecutable: false, processType: None)
INFO main org.eclipse.stardust.model.bpmn2.transform.xpdl.elements.activity.task.ServiceTask2Stardust - Add service task: org.eclipse.bpmn2.impl.ServiceTaskImpl@48be1c2d (id: TestModelTaskB, anyAttribute: null) (name: b) (completionQuantity: 1, isForCompensation: false, startQuantity: 1) (implementation: ##unspecified)
DEBUG main org.eclipse.stardust.model.bpmn2.transform.xpdl.Bpmn2StardustXPDL - addServiceTask org.eclipse.bpmn2.impl.ServiceTaskImpl@392bf3aa (id: TestModelTaskC, anyAttribute: null) (name: c) (completionQuantity: 1, isForCompensation: false, startQuantity: 1) (implementation: ##unspecified) in org.eclipse.bpmn2.impl.ProcessImpl@30da61d8 (id: _db2366a6-4a49-48cd-9c13-261d2d9626aa, anyAttribute: null) (name: Hauptprozess) (isClosed: false, isExecutable: false, processType: None)
INFO main org.eclipse.stardust.model.bpmn2.transform.xpdl.elements.activity.task.ServiceTask2Stardust - Add service task: org.eclipse.bpmn2.impl.ServiceTaskImpl@392bf3aa (id: TestModelTaskC, anyAttribute: null) (name: c) (completionQuantity: 1, isForCompensation: false, startQuantity: 1) (implementation: ##unspecified)
DEBUG main org.eclipse.stardust.model.bpmn2.transform.xpdl.Bpmn2StardustXPDL - addServiceTask org.eclipse.bpmn2.impl.ServiceTaskImpl@748a3b38 (id: TestModelTaskD, anyAttribute: null) (name: d) (completionQuantity: 1, isForCompensation: false, startQuantity: 1) (implementation: ##unspecified) in org.eclipse.bpmn2.impl.ProcessImpl@30da61d8 (id: _db2366a6-4a49-48cd-9c13-261d2d9626aa, anyAttribute: null) (name: Hauptprozess) (isClosed: false, isExecutable: false, processType: None)
INFO main org.eclipse.stardust.model.bpmn2.transform.xpdl.elements.activity.task.ServiceTask2Stardust - Add service task: org.eclipse.bpmn2.impl.ServiceTaskImpl@748a3b38 (id: TestModelTaskD, anyAttribute: null) (name: d) (completionQuantity: 1, isForCompensation: false, startQuantity: 1) (implementation: ##unspecified)
DEBUG main org.eclipse.stardust.model.bpmn2.transform.xpdl.Bpmn2StardustXPDL - addServiceTask org.eclipse.bpmn2.impl.ServiceTaskImpl@1f36154e (id: TestModelTaskE, anyAttribute: null) (name: e) (completionQuantity: 1, isForCompensation: false, startQuantity: 1) (implementation: ##unspecified) in org.eclipse.bpmn2.impl.ProcessImpl@30da61d8 (id: _db2366a6-4a49-48cd-9c13-261d2d9626aa, anyAttribute: null) (name: Hauptprozess) (isClosed: false, isExecutable: false, processType: None)
INFO main org.eclipse.stardust.model.bpmn2.transform.xpdl.elements.activity.task.ServiceTask2Stardust - Add service task: org.eclipse.bpmn2.impl.ServiceTaskImpl@1f36154e (id: TestModelTaskE, anyAttribute: null) (name: e) (completionQuantity: 1, isForCompensation: false, startQuantity: 1) (implementation: ##unspecified)
DEBUG main org.eclipse.stardust.model.bpmn2.transform.xpdl.Bpmn2StardustXPDL - addServiceTask org.eclipse.bpmn2.impl.ServiceTaskImpl@17b0c3e4 (id: TestModelTaskX, anyAttribute: null) (name: x) (completionQuantity: 1, isForCompensation: false, startQuantity: 1) (implementation: ##unspecified) in org.eclipse.bpmn2.impl.ProcessImpl@30da61d8 (id: _db2366a6-4a49-48cd-9c13-261d2d9626aa, anyAttribute: null) (name: Hauptprozess) (isClosed: false, isExecutable: false, processType: None)
INFO main org.eclipse.stardust.model.bpmn2.transform.xpdl.elements.activity.task.ServiceTask2Stardust - Add service task: org.eclipse.bpmn2.impl.ServiceTaskImpl@17b0c3e4 (id: TestModelTaskX, anyAttribute: null) (name: x) (completionQuantity: 1, isForCompensation: false, startQuantity: 1) (implementation: ##unspecified)
DEBUG main org.eclipse.stardust.model.bpmn2.transform.TransformationControl - ModelTransformator.processGateway() org.eclipse.bpmn2.impl.ExclusiveGatewayImpl@560cb9e2 (id: TestModelExclusiveGateB, anyAttribute: null) (name: MergeMerge) (gatewayDirection: Converging)
DEBUG main org.eclipse.stardust.model.bpmn2.transform.xpdl.Bpmn2StardustXPDL - addExclusiveGatewayTestModelExclusiveGateB MergeMerge
DEBUG main org.eclipse.stardust.model.bpmn2.transform.xpdl.elements.control.Gateway2Stardust - transition: TestModelSequenceDtoGateB setSequenceTrueCondition
DEBUG main org.eclipse.stardust.model.bpmn2.transform.xpdl.elements.control.Gateway2Stardust - transition: TestModelSequenceGateBtoE setSequenceFormalCondition 
DEBUG main org.eclipse.stardust.model.bpmn2.transform.TransformationControl - ModelTransformator.processGateway() org.eclipse.bpmn2.impl.ParallelGatewayImpl@5d7fd090 (id: TestModelParallelGateC, anyAttribute: null) (name: null) (gatewayDirection: Diverging)
DEBUG main org.eclipse.stardust.model.bpmn2.transform.xpdl.Bpmn2StardustXPDL - addParallelGatewayTestModelParallelGateC null
DEBUG main org.eclipse.stardust.model.bpmn2.transform.xpdl.elements.control.Gateway2Stardust - transition: TestModelSequenceXtoGateC setSequenceTrueCondition
DEBUG main org.eclipse.stardust.model.bpmn2.transform.xpdl.elements.control.Gateway2Stardust - transition: TestModelSequenceGateCtoA setSequenceTrueCondition
DEBUG main org.eclipse.stardust.model.bpmn2.transform.xpdl.elements.control.Gateway2Stardust - transition: TestModelSequenceGateCtoB setSequenceTrueCondition
DEBUG main org.eclipse.stardust.model.bpmn2.transform.xpdl.elements.control.Gateway2Stardust - transition: TestModelSequenceGateCtoC setSequenceTrueCondition
DEBUG main org.eclipse.stardust.model.bpmn2.transform.TransformationControl - ModelTransformator.processGateway() org.eclipse.bpmn2.impl.ExclusiveGatewayImpl@7255cde4 (id: TestModelExclusiveGateA, anyAttribute: null) (name: MergeAB) (gatewayDirection: Converging)
DEBUG main org.eclipse.stardust.model.bpmn2.transform.xpdl.Bpmn2StardustXPDL - addExclusiveGatewayTestModelExclusiveGateA MergeAB
DEBUG main org.eclipse.stardust.model.bpmn2.transform.xpdl.elements.control.Gateway2Stardust - transition: TestModelSequenceAtoGateA setSequenceFormalCondition 
DEBUG main org.eclipse.stardust.model.bpmn2.transform.xpdl.elements.control.Gateway2Stardust - transition: TestModelSequenceBtoGateA setSequenceFormalCondition 
DEBUG main org.eclipse.stardust.model.bpmn2.transform.xpdl.elements.control.Gateway2Stardust - transition: TestModelSequenceGateAtoGateB setSequenceTrueCondition
DEBUG main org.eclipse.stardust.model.bpmn2.transform.xpdl.Bpmn2StardustXPDL - Process control flows not using gateways (uncontrolled or conditional sequences) in container: org.eclipse.bpmn2.impl.ProcessImpl@30da61d8 (id: _db2366a6-4a49-48cd-9c13-261d2d9626aa, anyAttribute: null) (name: Hauptprozess) (isClosed: false, isExecutable: false, processType: None)
DEBUG main org.eclipse.stardust.model.bpmn2.transform.xpdl.elements.control.RoutingSequenceFlow2Stardust - transition: TestModelSequenceCtoGateB setSequenceFormalCondition 
DEBUG main org.eclipse.stardust.model.bpmn2.transform.xpdl.elements.control.RoutingSequenceFlow2Stardust - transition: TestModelSequenceCtoD setSequenceFormalCondition 
DEBUG main org.eclipse.stardust.model.bpmn2.transform.xpdl.Bpmn2StardustXPDL - addSequenceFlow org.eclipse.bpmn2.impl.SequenceFlowImpl@5f406e60 (id: TestModelSequenceAtoGateA, anyAttribute: null) (name: "X"=="X") (isImmediate: false)
DEBUG main org.eclipse.stardust.model.bpmn2.transform.xpdl.Bpmn2StardustXPDL - addSequenceFlow org.eclipse.bpmn2.impl.SequenceFlowImpl@7f0e917a (id: TestModelSequenceBtoGateA, anyAttribute: null) (name: "X"=="Y") (isImmediate: false)
DEBUG main org.eclipse.stardust.model.bpmn2.transform.xpdl.Bpmn2StardustXPDL - addSequenceFlow org.eclipse.bpmn2.impl.SequenceFlowImpl@157121c1 (id: TestModelSequenceCtoGateB, anyAttribute: null) (name: "X"=="Z") (isImmediate: false)
DEBUG main org.eclipse.stardust.model.bpmn2.transform.xpdl.Bpmn2StardustXPDL - addSequenceFlow org.eclipse.bpmn2.impl.SequenceFlowImpl@365f10e6 (id: TestModelSequenceGateAtoGateB, anyAttribute: null) (name: null) (isImmediate: false)
DEBUG main org.eclipse.stardust.model.bpmn2.transform.xpdl.Bpmn2StardustXPDL - addSequenceFlow org.eclipse.bpmn2.impl.SequenceFlowImpl@1b4e87ed (id: TestModelSequenceGateBtoE, anyAttribute: null) (name: null) (isImmediate: false)
DEBUG main org.eclipse.stardust.model.bpmn2.transform.xpdl.Bpmn2StardustXPDL - addSequenceFlow org.eclipse.bpmn2.impl.SequenceFlowImpl@40bde69c (id: TestModelSequenceCtoD, anyAttribute: null) (name: "X"=="V";) (isImmediate: false)
DEBUG main org.eclipse.stardust.model.bpmn2.transform.xpdl.Bpmn2StardustXPDL - addSequenceFlow org.eclipse.bpmn2.impl.SequenceFlowImpl@736f2cf8 (id: TestModelSequenceDtoGateB, anyAttribute: null) (name: null) (isImmediate: false)
DEBUG main org.eclipse.stardust.model.bpmn2.transform.xpdl.Bpmn2StardustXPDL - addSequenceFlow org.eclipse.bpmn2.impl.SequenceFlowImpl@7f188fd (id: TestModelSequenceXtoGateC, anyAttribute: null) (name: null) (isImmediate: false)
DEBUG main org.eclipse.stardust.model.bpmn2.transform.xpdl.Bpmn2StardustXPDL - addSequenceFlow org.eclipse.bpmn2.impl.SequenceFlowImpl@2589e1e (id: TestModelSequenceGateCtoA, anyAttribute: null) (name: null) (isImmediate: false)
DEBUG main org.eclipse.stardust.model.bpmn2.transform.xpdl.Bpmn2StardustXPDL - addSequenceFlow org.eclipse.bpmn2.impl.SequenceFlowImpl@7f4c4c6 (id: TestModelSequenceGateCtoB, anyAttribute: null) (name: null) (isImmediate: false)
DEBUG main org.eclipse.stardust.model.bpmn2.transform.xpdl.Bpmn2StardustXPDL - addSequenceFlow org.eclipse.bpmn2.impl.SequenceFlowImpl@56a2a73e (id: TestModelSequenceGateCtoC, anyAttribute: null) (name: null) (isImmediate: false)
INFO main org.eclipse.stardust.model.bpmn2.transform.xpdl.Bpmn2StardustXPDL - Finalize transformation.
DEBUG main org.eclipse.stardust.model.bpmn2.transform.xpdl.Bpmn2StardustXPDL - serializeTargetModel
INFO main org.eclipse.stardust.model.bpmn2.transform.TransformationControl - No Operation Interface found. (Element org.eclipse.bpmn2.impl.ServiceTaskImpl org.eclipse.bpmn2.impl.ServiceTaskImpl@514dc4f6 (id: TestModelTaskA, anyAttribute: null) (name: a) (completionQuantity: 1, isForCompensation: false, startQuantity: 1) (implementation: ##unspecified) in org.eclipse.bpmn2.impl.ProcessImpl@30da61d8 (id: _db2366a6-4a49-48cd-9c13-261d2d9626aa, anyAttribute: null) (name: Hauptprozess) (isClosed: false, isExecutable: false, processType: None))
INFO main org.eclipse.stardust.model.bpmn2.transform.TransformationControl - No Operation Interface found. (Element org.eclipse.bpmn2.impl.ServiceTaskImpl org.eclipse.bpmn2.impl.ServiceTaskImpl@48be1c2d (id: TestModelTaskB, anyAttribute: null) (name: b) (completionQuantity: 1, isForCompensation: false, startQuantity: 1) (implementation: ##unspecified) in org.eclipse.bpmn2.impl.ProcessImpl@30da61d8 (id: _db2366a6-4a49-48cd-9c13-261d2d9626aa, anyAttribute: null) (name: Hauptprozess) (isClosed: false, isExecutable: false, processType: None))
INFO main org.eclipse.stardust.model.bpmn2.transform.TransformationControl - No Operation Interface found. (Element org.eclipse.bpmn2.impl.ServiceTaskImpl org.eclipse.bpmn2.impl.ServiceTaskImpl@392bf3aa (id: TestModelTaskC, anyAttribute: null) (name: c) (completionQuantity: 1, isForCompensation: false, startQuantity: 1) (implementation: ##unspecified) in org.eclipse.bpmn2.impl.ProcessImpl@30da61d8 (id: _db2366a6-4a49-48cd-9c13-261d2d9626aa, anyAttribute: null) (name: Hauptprozess) (isClosed: false, isExecutable: false, processType: None))
INFO main org.eclipse.stardust.model.bpmn2.transform.TransformationControl - No Operation Interface found. (Element org.eclipse.bpmn2.impl.ServiceTaskImpl org.eclipse.bpmn2.impl.ServiceTaskImpl@748a3b38 (id: TestModelTaskD, anyAttribute: null) (name: d) (completionQuantity: 1, isForCompensation: false, startQuantity: 1) (implementation: ##unspecified) in org.eclipse.bpmn2.impl.ProcessImpl@30da61d8 (id: _db2366a6-4a49-48cd-9c13-261d2d9626aa, anyAttribute: null) (name: Hauptprozess) (isClosed: false, isExecutable: false, processType: None))
INFO main org.eclipse.stardust.model.bpmn2.transform.TransformationControl - No Operation Interface found. (Element org.eclipse.bpmn2.impl.ServiceTaskImpl org.eclipse.bpmn2.impl.ServiceTaskImpl@1f36154e (id: TestModelTaskE, anyAttribute: null) (name: e) (completionQuantity: 1, isForCompensation: false, startQuantity: 1) (implementation: ##unspecified) in org.eclipse.bpmn2.impl.ProcessImpl@30da61d8 (id: _db2366a6-4a49-48cd-9c13-261d2d9626aa, anyAttribute: null) (name: Hauptprozess) (isClosed: false, isExecutable: false, processType: None))
INFO main org.eclipse.stardust.model.bpmn2.transform.TransformationControl - No Operation Interface found. (Element org.eclipse.bpmn2.impl.ServiceTaskImpl org.eclipse.bpmn2.impl.ServiceTaskImpl@17b0c3e4 (id: TestModelTaskX, anyAttribute: null) (name: x) (completionQuantity: 1, isForCompensation: false, startQuantity: 1) (implementation: ##unspecified) in org.eclipse.bpmn2.impl.ProcessImpl@30da61d8 (id: _db2366a6-4a49-48cd-9c13-261d2d9626aa, anyAttribute: null) (name: Hauptprozess) (isClosed: false, isExecutable: false, processType: None))
INFO main org.eclipse.stardust.model.bpmn2.transform.TransformationControl - 
INFO main org.eclipse.stardust.model.bpmn2.input.BPMNModelImporter - importModel /C:/itpearls-src/stardust-bpmn2/org.eclipse.stardust.model.bpmn2.transform/target/test-classes/models/bpmn/ParallelSplitStart.bpmn
INFO main org.eclipse.stardust.model.bpmn2.input.BPMNModelImporter - importModel file:/C:/itpearls-src/stardust-bpmn2/org.eclipse.stardust.model.bpmn2.transform/target/test-classes/models/bpmn/ParallelSplitStart.bpmn
INFO main org.eclipse.stardust.model.bpmn2.transform.xpdl.Bpmn2StardustXPDL - createTargetModel ParallelSplitStart
DEBUG main org.eclipse.stardust.model.bpmn2.transform.xpdl.Bpmn2StardustXPDL - addProcess org.eclipse.bpmn2.impl.ProcessImpl@7229a329 (id: TestModelMainProcess, anyAttribute: null) (name: Hauptprozess) (isClosed: false, isExecutable: false, processType: None)
DEBUG main org.eclipse.stardust.model.bpmn2.transform.xpdl.Bpmn2StardustXPDL - addStartEventTestModelStartEventId null in org.eclipse.bpmn2.impl.ProcessImpl@7229a329 (id: TestModelMainProcess, anyAttribute: null) (name: Hauptprozess) (isClosed: false, isExecutable: false, processType: None)
DEBUG main org.eclipse.stardust.model.bpmn2.transform.xpdl.elements.event.StartEvent2Stardust - addStartEvent org.eclipse.bpmn2.impl.StartEventImpl@b97134d (id: TestModelStartEventId, anyAttribute: null) (name: null) (parallelMultiple: false) (isInterrupting: true)
DEBUG main org.eclipse.stardust.model.bpmn2.transform.xpdl.elements.event.StartEvent2Stardust - addManualTrigger org.eclipse.bpmn2.impl.StartEventImpl@b97134d (id: TestModelStartEventId, anyAttribute: null) (name: null) (parallelMultiple: false) (isInterrupting: true)
DEBUG main org.eclipse.stardust.model.bpmn2.transform.xpdl.Bpmn2StardustXPDL - addAbstractTask org.eclipse.bpmn2.impl.TaskImpl@6b742a2c (id: TestModelTaskA, anyAttribute: null) (name: a) (completionQuantity: 1, isForCompensation: false, startQuantity: 1) in org.eclipse.bpmn2.impl.ProcessImpl@7229a329 (id: TestModelMainProcess, anyAttribute: null) (name: Hauptprozess) (isClosed: false, isExecutable: false, processType: None)
DEBUG main org.eclipse.stardust.model.bpmn2.transform.xpdl.Bpmn2StardustXPDL - addAbstractTask org.eclipse.bpmn2.impl.TaskImpl@177ce5d1 (id: TestModelTaskB, anyAttribute: null) (name: b) (completionQuantity: 1, isForCompensation: false, startQuantity: 1) in org.eclipse.bpmn2.impl.ProcessImpl@7229a329 (id: TestModelMainProcess, anyAttribute: null) (name: Hauptprozess) (isClosed: false, isExecutable: false, processType: None)
DEBUG main org.eclipse.stardust.model.bpmn2.transform.xpdl.Bpmn2StardustXPDL - addAbstractTask org.eclipse.bpmn2.impl.TaskImpl@8d40863 (id: TestModelTaskC, anyAttribute: null) (name: c) (completionQuantity: 1, isForCompensation: false, startQuantity: 1) in org.eclipse.bpmn2.impl.ProcessImpl@7229a329 (id: TestModelMainProcess, anyAttribute: null) (name: Hauptprozess) (isClosed: false, isExecutable: false, processType: None)
DEBUG main org.eclipse.stardust.model.bpmn2.transform.xpdl.elements.event.EndEvent2Stardust - addEndEvent org.eclipse.bpmn2.impl.EndEventImpl@1872a01c (id: TestModelEndEventId, anyAttribute: null) (name: null)
DEBUG main org.eclipse.stardust.model.bpmn2.transform.xpdl.Bpmn2StardustXPDL - Process control flows not using gateways (uncontrolled or conditional sequences) in container: org.eclipse.bpmn2.impl.ProcessImpl@7229a329 (id: TestModelMainProcess, anyAttribute: null) (name: Hauptprozess) (isClosed: false, isExecutable: false, processType: None)
DEBUG main org.eclipse.stardust.model.bpmn2.transform.xpdl.elements.control.RoutingSequenceFlow2Stardust - org.eclipse.bpmn2.impl.StartEventImpl.getDefault()
DEBUG main org.eclipse.stardust.model.bpmn2.transform.xpdl.Bpmn2StardustXPDL - Process control flows not using gateways (uncontrolled or conditional sequences) in container: org.eclipse.bpmn2.impl.ProcessImpl@7229a329 (id: TestModelMainProcess, anyAttribute: null) (name: Hauptprozess) (isClosed: false, isExecutable: false, processType: None)
DEBUG main org.eclipse.stardust.model.bpmn2.transform.xpdl.elements.control.RoutingSequenceFlow2Stardust - transition: _a1a2c518-2282-4d57-9fc9-34ba6ecb6bfa setSequenceTrueCondition
DEBUG main org.eclipse.stardust.model.bpmn2.transform.xpdl.elements.control.RoutingSequenceFlow2Stardust - transition: _62352c60-d7d7-4c35-9405-aaae18ea2941 setSequenceTrueCondition
DEBUG main org.eclipse.stardust.model.bpmn2.transform.xpdl.elements.control.RoutingSequenceFlow2Stardust - transition: _e3fc36d3-0193-4700-a7f7-941663edff4f setSequenceTrueCondition
DEBUG main org.eclipse.stardust.model.bpmn2.transform.xpdl.Bpmn2StardustXPDL - addSequenceFlow org.eclipse.bpmn2.impl.SequenceFlowImpl@d6d9ace (id: TestIdTransitionStartToA, anyAttribute: null) (name: null) (isImmediate: false)
DEBUG main org.eclipse.stardust.model.bpmn2.transform.xpdl.Bpmn2StardustXPDL - addSequenceFlow org.eclipse.bpmn2.impl.SequenceFlowImpl@16ce5145 (id: TestIdTransitionStartToB, anyAttribute: null) (name: null) (isImmediate: false)
DEBUG main org.eclipse.stardust.model.bpmn2.transform.xpdl.Bpmn2StardustXPDL - addSequenceFlow org.eclipse.bpmn2.impl.SequenceFlowImpl@433994b5 (id: TestIdTransitionStartToC, anyAttribute: null) (name: null) (isImmediate: false)
DEBUG main org.eclipse.stardust.model.bpmn2.transform.xpdl.Bpmn2StardustXPDL - addSequenceFlow org.eclipse.bpmn2.impl.SequenceFlowImpl@7952198d (id: _a1a2c518-2282-4d57-9fc9-34ba6ecb6bfa, anyAttribute: null) (name: null) (isImmediate: false)
DEBUG main org.eclipse.stardust.model.bpmn2.transform.xpdl.Bpmn2StardustXPDL - addSequenceFlow org.eclipse.bpmn2.impl.SequenceFlowImpl@7d0bb634 (id: _62352c60-d7d7-4c35-9405-aaae18ea2941, anyAttribute: null) (name: null) (isImmediate: false)
DEBUG main org.eclipse.stardust.model.bpmn2.transform.xpdl.Bpmn2StardustXPDL - addSequenceFlow org.eclipse.bpmn2.impl.SequenceFlowImpl@be7500f (id: _e3fc36d3-0193-4700-a7f7-941663edff4f, anyAttribute: null) (name: null) (isImmediate: false)
INFO main org.eclipse.stardust.model.bpmn2.transform.xpdl.Bpmn2StardustXPDL - Finalize transformation.
DEBUG main org.eclipse.stardust.model.bpmn2.transform.xpdl.Bpmn2StardustXPDL - serializeTargetModel
INFO main org.eclipse.stardust.model.bpmn2.transform.TransformationControl - StartEvent - no event definition available (TestModelStartEventId). Manual Start is assumed.
INFO main org.eclipse.stardust.model.bpmn2.transform.TransformationControl - No Event Definition found. (Event org.eclipse.bpmn2.impl.EndEventImpl@1872a01c (id: TestModelEndEventId, anyAttribute: null) (name: null) in org.eclipse.bpmn2.impl.ProcessImpl@7229a329 (id: TestModelMainProcess, anyAttribute: null) (name: Hauptprozess) (isClosed: false, isExecutable: false, processType: None))
INFO main org.eclipse.stardust.model.bpmn2.transform.TransformationControl - 
INFO main org.eclipse.stardust.model.bpmn2.input.BPMNModelImporter - importModel /C:/itpearls-src/stardust-bpmn2/org.eclipse.stardust.model.bpmn2.transform/target/test-classes/models/bpmn/ParallelBox.bpmn
INFO main org.eclipse.stardust.model.bpmn2.input.BPMNModelImporter - importModel file:/C:/itpearls-src/stardust-bpmn2/org.eclipse.stardust.model.bpmn2.transform/target/test-classes/models/bpmn/ParallelBox.bpmn
INFO main org.eclipse.stardust.model.bpmn2.transform.xpdl.Bpmn2StardustXPDL - createTargetModel Parallel Box
DEBUG main org.eclipse.stardust.model.bpmn2.transform.xpdl.Bpmn2StardustXPDL - addProcess org.eclipse.bpmn2.impl.ProcessImpl@13c4c955 (id: TestModelMainProcess, anyAttribute: null) (name: Hauptprozess) (isClosed: false, isExecutable: false, processType: None)
DEBUG main org.eclipse.stardust.model.bpmn2.transform.xpdl.Bpmn2StardustXPDL - addAbstractTask org.eclipse.bpmn2.impl.TaskImpl@5c7df596 (id: TestModelTaskA, anyAttribute: null) (name: a) (completionQuantity: 1, isForCompensation: false, startQuantity: 1) in org.eclipse.bpmn2.impl.ProcessImpl@13c4c955 (id: TestModelMainProcess, anyAttribute: null) (name: Hauptprozess) (isClosed: false, isExecutable: false, processType: None)
DEBUG main org.eclipse.stardust.model.bpmn2.transform.xpdl.Bpmn2StardustXPDL - addAbstractTask org.eclipse.bpmn2.impl.TaskImpl@51867a4a (id: TestModelTaskB, anyAttribute: null) (name: b) (completionQuantity: 1, isForCompensation: false, startQuantity: 1) in org.eclipse.bpmn2.impl.ProcessImpl@13c4c955 (id: TestModelMainProcess, anyAttribute: null) (name: Hauptprozess) (isClosed: false, isExecutable: false, processType: None)
DEBUG main org.eclipse.stardust.model.bpmn2.transform.xpdl.Bpmn2StardustXPDL - addAbstractTask org.eclipse.bpmn2.impl.TaskImpl@53c6ba16 (id: TestModelTaskC, anyAttribute: null) (name: c) (completionQuantity: 1, isForCompensation: false, startQuantity: 1) in org.eclipse.bpmn2.impl.ProcessImpl@13c4c955 (id: TestModelMainProcess, anyAttribute: null) (name: Hauptprozess) (isClosed: false, isExecutable: false, processType: None)
INFO main org.eclipse.stardust.model.bpmn2.transform.xpdl.Bpmn2StardustXPDL - Finalize transformation.
DEBUG main org.eclipse.stardust.model.bpmn2.transform.xpdl.Bpmn2StardustXPDL - serializeTargetModel
INFO main org.eclipse.stardust.model.bpmn2.transform.TransformationControl - 
INFO main org.eclipse.stardust.model.bpmn2.input.BPMNModelImporter - importModel /C:/itpearls-src/stardust-bpmn2/org.eclipse.stardust.model.bpmn2.transform/target/test-classes/models/bpmn/BackloopToStart.bpmn
INFO main org.eclipse.stardust.model.bpmn2.input.BPMNModelImporter - importModel file:/C:/itpearls-src/stardust-bpmn2/org.eclipse.stardust.model.bpmn2.transform/target/test-classes/models/bpmn/BackloopToStart.bpmn
INFO main org.eclipse.stardust.model.bpmn2.transform.xpdl.Bpmn2StardustXPDL - createTargetModel Mein Diagramm
DEBUG main org.eclipse.stardust.model.bpmn2.transform.xpdl.Bpmn2StardustXPDL - addProcess org.eclipse.bpmn2.impl.ProcessImpl@42ecf8c4 (id: TestModelMainProcess, anyAttribute: null) (name: Hauptprozess) (isClosed: false, isExecutable: false, processType: None)
DEBUG main org.eclipse.stardust.model.bpmn2.transform.xpdl.Bpmn2StardustXPDL - addStartEventTestModelStartEvent null in org.eclipse.bpmn2.impl.ProcessImpl@42ecf8c4 (id: TestModelMainProcess, anyAttribute: null) (name: Hauptprozess) (isClosed: false, isExecutable: false, processType: None)
DEBUG main org.eclipse.stardust.model.bpmn2.transform.xpdl.elements.event.StartEvent2Stardust - addStartEvent org.eclipse.bpmn2.impl.StartEventImpl@53c02e2f (id: TestModelStartEvent, anyAttribute: null) (name: null) (parallelMultiple: false) (isInterrupting: true)
DEBUG main org.eclipse.stardust.model.bpmn2.transform.xpdl.elements.event.StartEvent2Stardust - addManualTrigger org.eclipse.bpmn2.impl.StartEventImpl@53c02e2f (id: TestModelStartEvent, anyAttribute: null) (name: null) (parallelMultiple: false) (isInterrupting: true)
DEBUG main org.eclipse.stardust.model.bpmn2.transform.xpdl.elements.event.EndEvent2Stardust - addEndEvent org.eclipse.bpmn2.impl.EndEventImpl@6e183a9d (id: TestModelEndEvent, anyAttribute: null) (name: null)
DEBUG main org.eclipse.stardust.model.bpmn2.transform.xpdl.Bpmn2StardustXPDL - addAbstractTask org.eclipse.bpmn2.impl.TaskImpl@78b051e2 (id: TestModelTaskA, anyAttribute: null) (name: a) (completionQuantity: 1, isForCompensation: false, startQuantity: 1) in org.eclipse.bpmn2.impl.ProcessImpl@42ecf8c4 (id: TestModelMainProcess, anyAttribute: null) (name: Hauptprozess) (isClosed: false, isExecutable: false, processType: None)
DEBUG main org.eclipse.stardust.model.bpmn2.transform.xpdl.Bpmn2StardustXPDL - addAbstractTask org.eclipse.bpmn2.impl.TaskImpl@7fd00a54 (id: TestModelTaskB, anyAttribute: null) (name: b) (completionQuantity: 1, isForCompensation: false, startQuantity: 1) in org.eclipse.bpmn2.impl.ProcessImpl@42ecf8c4 (id: TestModelMainProcess, anyAttribute: null) (name: Hauptprozess) (isClosed: false, isExecutable: false, processType: None)
DEBUG main org.eclipse.stardust.model.bpmn2.transform.TransformationControl - ModelTransformator.processGateway() org.eclipse.bpmn2.impl.ExclusiveGatewayImpl@3356525a (id: _33a06513-eb97-40bb-bf90-b5d6122a4f0e, anyAttribute: null) (name: null) (gatewayDirection: Diverging)
DEBUG main org.eclipse.stardust.model.bpmn2.transform.xpdl.Bpmn2StardustXPDL - addExclusiveGateway_33a06513-eb97-40bb-bf90-b5d6122a4f0e null
DEBUG main org.eclipse.stardust.model.bpmn2.transform.xpdl.elements.control.Gateway2Stardust - transition: TestIdTransitionBToGate setSequenceTrueCondition
DEBUG main org.eclipse.stardust.model.bpmn2.transform.xpdl.elements.control.Gateway2Stardust - transition: _285cad25-f39f-4f49-a6cd-9e8fc7315f76 setSequenceTrueCondition
DEBUG main org.eclipse.stardust.model.bpmn2.transform.xpdl.Bpmn2StardustXPDL - Process control flows not using gateways (uncontrolled or conditional sequences) in container: org.eclipse.bpmn2.impl.ProcessImpl@42ecf8c4 (id: TestModelMainProcess, anyAttribute: null) (name: Hauptprozess) (isClosed: false, isExecutable: false, processType: None)
DEBUG main org.eclipse.stardust.model.bpmn2.transform.xpdl.elements.control.RoutingSequenceFlow2Stardust - transition: _bf14110a-03d8-4b12-98bb-809b8d14e97f setSequenceTrueCondition
DEBUG main org.eclipse.stardust.model.bpmn2.transform.xpdl.Bpmn2StardustXPDL - addSequenceFlow org.eclipse.bpmn2.impl.SequenceFlowImpl@6838ad0a (id: TestIdTransitionStartToA, anyAttribute: null) (name: null) (isImmediate: false)
DEBUG main org.eclipse.stardust.model.bpmn2.transform.xpdl.Bpmn2StardustXPDL - addSequenceFlow org.eclipse.bpmn2.impl.SequenceFlowImpl@60e8a0fa (id: TestIdTransitionAToB, anyAttribute: null) (name: null) (isImmediate: false)
DEBUG main org.eclipse.stardust.model.bpmn2.transform.xpdl.elements.control.SequenceFlow2Stardust - transition: TestIdTransitionAToB setSequenceTrueCondition
DEBUG main org.eclipse.stardust.model.bpmn2.transform.xpdl.Bpmn2StardustXPDL - addSequenceFlow org.eclipse.bpmn2.impl.SequenceFlowImpl@48a0aeca (id: TestIdTransitionBToGate, anyAttribute: null) (name: null) (isImmediate: false)
DEBUG main org.eclipse.stardust.model.bpmn2.transform.xpdl.Bpmn2StardustXPDL - addSequenceFlow org.eclipse.bpmn2.impl.SequenceFlowImpl@2d337506 (id: _285cad25-f39f-4f49-a6cd-9e8fc7315f76, anyAttribute: null) (name: X==2) (isImmediate: false)
DEBUG main org.eclipse.stardust.model.bpmn2.transform.xpdl.Bpmn2StardustXPDL - addSequenceFlow org.eclipse.bpmn2.impl.SequenceFlowImpl@d47f419 (id: _bf14110a-03d8-4b12-98bb-809b8d14e97f, anyAttribute: null) (name: X==1) (isImmediate: false)
INFO main org.eclipse.stardust.model.bpmn2.transform.xpdl.Bpmn2StardustXPDL - Finalize transformation.
DEBUG main org.eclipse.stardust.model.bpmn2.transform.xpdl.Bpmn2StardustXPDL - serializeTargetModel
INFO main org.eclipse.stardust.model.bpmn2.transform.TransformationControl - StartEvent - no event definition available (TestModelStartEvent). Manual Start is assumed.
INFO main org.eclipse.stardust.model.bpmn2.transform.TransformationControl - No Event Definition found. (Event org.eclipse.bpmn2.impl.EndEventImpl@6e183a9d (id: TestModelEndEvent, anyAttribute: null) (name: null) in org.eclipse.bpmn2.impl.ProcessImpl@42ecf8c4 (id: TestModelMainProcess, anyAttribute: null) (name: Hauptprozess) (isClosed: false, isExecutable: false, processType: None))
INFO main org.eclipse.stardust.model.bpmn2.transform.TransformationControl - 
INFO main org.eclipse.stardust.model.bpmn2.input.BPMNModelImporter - importModel /C:/itpearls-src/stardust-bpmn2/org.eclipse.stardust.model.bpmn2.transform/target/test-classes/models/bpmn/ConditionalSequenceWithDefaultAndUnconditional.bpmn
INFO main org.eclipse.stardust.model.bpmn2.input.BPMNModelImporter - importModel file:/C:/itpearls-src/stardust-bpmn2/org.eclipse.stardust.model.bpmn2.transform/target/test-classes/models/bpmn/ConditionalSequenceWithDefaultAndUnconditional.bpmn
INFO main org.eclipse.stardust.model.bpmn2.transform.xpdl.Bpmn2StardustXPDL - createTargetModel null
DEBUG main org.eclipse.stardust.model.bpmn2.transform.xpdl.Bpmn2StardustXPDL - addProcess org.eclipse.bpmn2.impl.ProcessImpl@51ca2fcb (id: _7cc5bd33-cc92-43ca-8c10-90eefb150e5d, anyAttribute: null) (name: Hauptprozess) (isClosed: false, isExecutable: false, processType: None)
DEBUG main org.eclipse.stardust.model.bpmn2.transform.xpdl.Bpmn2StardustXPDL - addAbstractTask org.eclipse.bpmn2.impl.TaskImpl@3107e260 (id: TestModelTaskX, anyAttribute: null) (name: x) (completionQuantity: 1, isForCompensation: false, startQuantity: 1) in org.eclipse.bpmn2.impl.ProcessImpl@51ca2fcb (id: _7cc5bd33-cc92-43ca-8c10-90eefb150e5d, anyAttribute: null) (name: Hauptprozess) (isClosed: false, isExecutable: false, processType: None)
DEBUG main org.eclipse.stardust.model.bpmn2.transform.xpdl.Bpmn2StardustXPDL - addAbstractTask org.eclipse.bpmn2.impl.TaskImpl@7c9f25c5 (id: TestModelTaskA, anyAttribute: null) (name: a) (completionQuantity: 1, isForCompensation: false, startQuantity: 1) in org.eclipse.bpmn2.impl.ProcessImpl@51ca2fcb (id: _7cc5bd33-cc92-43ca-8c10-90eefb150e5d, anyAttribute: null) (name: Hauptprozess) (isClosed: false, isExecutable: false, processType: None)
DEBUG main org.eclipse.stardust.model.bpmn2.transform.xpdl.Bpmn2StardustXPDL - addAbstractTask org.eclipse.bpmn2.impl.TaskImpl@3468e86e (id: TestModelTaskB, anyAttribute: null) (name: b) (completionQuantity: 1, isForCompensation: false, startQuantity: 1) in org.eclipse.bpmn2.impl.ProcessImpl@51ca2fcb (id: _7cc5bd33-cc92-43ca-8c10-90eefb150e5d, anyAttribute: null) (name: Hauptprozess) (isClosed: false, isExecutable: false, processType: None)
DEBUG main org.eclipse.stardust.model.bpmn2.transform.xpdl.Bpmn2StardustXPDL - addAbstractTask org.eclipse.bpmn2.impl.TaskImpl@5373a8a3 (id: TestModelTaskC, anyAttribute: null) (name: c) (completionQuantity: 1, isForCompensation: false, startQuantity: 1) in org.eclipse.bpmn2.impl.ProcessImpl@51ca2fcb (id: _7cc5bd33-cc92-43ca-8c10-90eefb150e5d, anyAttribute: null) (name: Hauptprozess) (isClosed: false, isExecutable: false, processType: None)
DEBUG main org.eclipse.stardust.model.bpmn2.transform.xpdl.Bpmn2StardustXPDL - Process control flows not using gateways (uncontrolled or conditional sequences) in container: org.eclipse.bpmn2.impl.ProcessImpl@51ca2fcb (id: _7cc5bd33-cc92-43ca-8c10-90eefb150e5d, anyAttribute: null) (name: Hauptprozess) (isClosed: false, isExecutable: false, processType: None)
DEBUG main org.eclipse.stardust.model.bpmn2.transform.xpdl.elements.control.RoutingSequenceFlow2Stardust - transition: TestModelSequenceConditionalXtoA setSequenceFormalCondition 
DEBUG main org.eclipse.stardust.model.bpmn2.transform.xpdl.Bpmn2StardustXPDL - addSequenceFlow org.eclipse.bpmn2.impl.SequenceFlowImpl@7752d052 (id: TestModelSequenceConditionalXtoA, anyAttribute: null) (name: "A"=="A") (isImmediate: false)
DEBUG main org.eclipse.stardust.model.bpmn2.transform.xpdl.Bpmn2StardustXPDL - addSequenceFlow org.eclipse.bpmn2.impl.SequenceFlowImpl@5deaf4b1 (id: TestModelSequenceDefaultXtoC, anyAttribute: null) (name: null) (isImmediate: false)
DEBUG main org.eclipse.stardust.model.bpmn2.transform.xpdl.Bpmn2StardustXPDL - addSequenceFlow org.eclipse.bpmn2.impl.SequenceFlowImpl@6c66c0a2 (id: TestModelSequenceXtoB, anyAttribute: null) (name: null) (isImmediate: false)
INFO main org.eclipse.stardust.model.bpmn2.transform.xpdl.Bpmn2StardustXPDL - Finalize transformation.
DEBUG main org.eclipse.stardust.model.bpmn2.transform.xpdl.Bpmn2StardustXPDL - serializeTargetModel
INFO main org.eclipse.stardust.model.bpmn2.transform.TransformationControl - 
INFO main org.eclipse.stardust.model.bpmn2.input.BPMNModelImporter - importModel /C:/itpearls-src/stardust-bpmn2/org.eclipse.stardust.model.bpmn2.transform/target/test-classes/models/bpmn/_Refactor_ServiceTaskWebServiceApp.bpmn
INFO main org.eclipse.stardust.model.bpmn2.input.BPMNModelImporter - importModel file:/C:/itpearls-src/stardust-bpmn2/org.eclipse.stardust.model.bpmn2.transform/target/test-classes/models/bpmn/_Refactor_ServiceTaskWebServiceApp.bpmn
DEBUG main org.eclipse.stardust.model.bpmn2.output.BPMNModelExporter - BPMNModelExporter.exportModel() c:/temp/my_out.xml.bpmn
INFO main org.eclipse.stardust.model.bpmn2.input.BPMNModelImporter - importModel /C:/itpearls-src/stardust-bpmn2/org.eclipse.stardust.model.bpmn2.transform/target/test-classes/models/bpmn/_Refactor_ServiceTaskWebServiceApp.bpmn
INFO main org.eclipse.stardust.model.bpmn2.input.BPMNModelImporter - importModel file:/C:/itpearls-src/stardust-bpmn2/org.eclipse.stardust.model.bpmn2.transform/target/test-classes/models/bpmn/_Refactor_ServiceTaskWebServiceApp.bpmn
INFO main org.eclipse.stardust.model.bpmn2.input.BPMNModelImporter - importModel /C:/itpearls-src/stardust-bpmn2/org.eclipse.stardust.model.bpmn2.transform/target/test-classes/models/bpmn/_Refactor_ServiceTaskWebServiceApp.bpmn
INFO main org.eclipse.stardust.model.bpmn2.input.BPMNModelImporter - importModel file:/C:/itpearls-src/stardust-bpmn2/org.eclipse.stardust.model.bpmn2.transform/target/test-classes/models/bpmn/_Refactor_ServiceTaskWebServiceApp.bpmn
DEBUG main org.eclipse.stardust.model.bpmn2.output.BPMNModelExporter - BPMNModelExporter.exportModel() /C:/itpearls-src/stardust-bpmn2/org.eclipse.stardust.model.bpmn2.transform/target/test-classes/models/test_export_accessPoint.bpmn
INFO main org.eclipse.stardust.model.bpmn2.input.BPMNModelImporter - importModel /C:/itpearls-src/stardust-bpmn2/org.eclipse.stardust.model.bpmn2.transform/target/test-classes/models/bpmn/UncontrolledFlow.bpmn
INFO main org.eclipse.stardust.model.bpmn2.input.BPMNModelImporter - importModel file:/C:/itpearls-src/stardust-bpmn2/org.eclipse.stardust.model.bpmn2.transform/target/test-classes/models/bpmn/UncontrolledFlow.bpmn
INFO main org.eclipse.stardust.model.bpmn2.transform.xpdl.Bpmn2StardustXPDL - createTargetModel null
DEBUG main org.eclipse.stardust.model.bpmn2.transform.xpdl.Bpmn2StardustXPDL - addProcess org.eclipse.bpmn2.impl.ProcessImpl@47c39412 (id: _39da6c65-b444-4fc3-89b0-78e0cfd5d218, anyAttribute: null) (name: Hauptprozess) (isClosed: false, isExecutable: false, processType: None)
DEBUG main org.eclipse.stardust.model.bpmn2.transform.xpdl.Bpmn2StardustXPDL - addServiceTask org.eclipse.bpmn2.impl.ServiceTaskImpl@71594ba3 (id: TestModelTaskA, anyAttribute: null) (name: A) (completionQuantity: 1, isForCompensation: false, startQuantity: 1) (implementation: ##unspecified) in org.eclipse.bpmn2.impl.ProcessImpl@47c39412 (id: _39da6c65-b444-4fc3-89b0-78e0cfd5d218, anyAttribute: null) (name: Hauptprozess) (isClosed: false, isExecutable: false, processType: None)
INFO main org.eclipse.stardust.model.bpmn2.transform.xpdl.elements.activity.task.ServiceTask2Stardust - Add service task: org.eclipse.bpmn2.impl.ServiceTaskImpl@71594ba3 (id: TestModelTaskA, anyAttribute: null) (name: A) (completionQuantity: 1, isForCompensation: false, startQuantity: 1) (implementation: ##unspecified)
INFO main org.eclipse.stardust.model.bpmn2.input.BPMNModelImporter - importModel /C:/itpearls-src/stardust-bpmn2/org.eclipse.stardust.model.bpmn2.transform/target/test-classes/models/bpmn/SimpleTypeDataFlow.bpmn
INFO main org.eclipse.stardust.model.bpmn2.input.BPMNModelImporter - importModel file:/C:/itpearls-src/stardust-bpmn2/org.eclipse.stardust.model.bpmn2.transform/target/test-classes/models/bpmn/SimpleTypeDataFlow.bpmn
INFO main org.eclipse.stardust.model.bpmn2.transform.xpdl.Bpmn2StardustXPDL - createTargetModel null
DEBUG main org.eclipse.stardust.model.bpmn2.transform.xpdl.Bpmn2StardustXPDL - addItemDefinition org.eclipse.bpmn2.impl.ItemDefinitionImpl@28318d (id: TestStringItem, anyAttribute: null) (isCollection: false, itemKind: Information)
DEBUG main org.eclipse.stardust.model.bpmn2.transform.xpdl.Bpmn2StardustXPDL - addItemDefinition org.eclipse.bpmn2.impl.ItemDefinitionImpl@5de867d6 (id: TestIntegerItem, anyAttribute: null) (isCollection: false, itemKind: Information)
DEBUG main org.eclipse.stardust.model.bpmn2.transform.xpdl.Bpmn2StardustXPDL - addProcess org.eclipse.bpmn2.impl.ProcessImpl@61557a77 (id: TestModelProcessPrimitiveData, anyAttribute: null) (name: Hauptprozess) (isClosed: false, isExecutable: false, processType: None)
DEBUG main org.eclipse.stardust.model.bpmn2.transform.xpdl.elements.activity.task.UserTask2Stardust - Add user task: org.eclipse.bpmn2.impl.UserTaskImpl@1f517997 (id: TestModelTaskA, anyAttribute: null) (name: Enter string for number) (completionQuantity: 1, isForCompensation: false, startQuantity: 1) (implementation: unspecified)
DEBUG main org.eclipse.stardust.model.bpmn2.transform.xpdl.Bpmn2StardustXPDL - addDataObject TestModelNumberDataInputObject null in org.eclipse.bpmn2.impl.ProcessImpl@61557a77 (id: TestModelProcessPrimitiveData, anyAttribute: null) (name: Hauptprozess) (isClosed: false, isExecutable: false, processType: None)
INFO main org.eclipse.stardust.model.bpmn2.input.BPMNModelImporter - importModel /C:/itpearls-src/stardust-bpmn2/org.eclipse.stardust.model.bpmn2.transform/target/test-classes/models/bpmn/SimpleTypeDataFlow.bpmn
INFO main org.eclipse.stardust.model.bpmn2.input.BPMNModelImporter - importModel file:/C:/itpearls-src/stardust-bpmn2/org.eclipse.stardust.model.bpmn2.transform/target/test-classes/models/bpmn/SimpleTypeDataFlow.bpmn
INFO main org.eclipse.stardust.model.bpmn2.input.BPMNModelImporter - importModel /C:/itpearls-src/stardust-bpmn2/org.eclipse.stardust.model.bpmn2.transform/target/test-classes/models/bpmn/SimpleTypeDataFlow.bpmn
INFO main org.eclipse.stardust.model.bpmn2.input.BPMNModelImporter - importModel file:/C:/itpearls-src/stardust-bpmn2/org.eclipse.stardust.model.bpmn2.transform/target/test-classes/models/bpmn/SimpleTypeDataFlow.bpmn
INFO main org.eclipse.stardust.model.bpmn2.transform.xpdl.Bpmn2StardustXPDL - createTargetModel null
DEBUG main org.eclipse.stardust.model.bpmn2.transform.xpdl.Bpmn2StardustXPDL - addItemDefinition org.eclipse.bpmn2.impl.ItemDefinitionImpl@6eef9525 (id: TestStringItem, anyAttribute: null) (isCollection: false, itemKind: Information)
DEBUG main org.eclipse.stardust.model.bpmn2.transform.xpdl.Bpmn2StardustXPDL - addItemDefinition org.eclipse.bpmn2.impl.ItemDefinitionImpl@2c7103af (id: TestIntegerItem, anyAttribute: null) (isCollection: false, itemKind: Information)
INFO main org.eclipse.stardust.model.bpmn2.input.BPMNModelImporter - importModel /C:/itpearls-src/stardust-bpmn2/org.eclipse.stardust.model.bpmn2.transform/target/test-classes/models/bpmn/SimpleTypeDataFlow.bpmn
INFO main org.eclipse.stardust.model.bpmn2.input.BPMNModelImporter - importModel file:/C:/itpearls-src/stardust-bpmn2/org.eclipse.stardust.model.bpmn2.transform/target/test-classes/models/bpmn/SimpleTypeDataFlow.bpmn
INFO main org.eclipse.stardust.model.bpmn2.transform.xpdl.Bpmn2StardustXPDL - createTargetModel null
DEBUG main org.eclipse.stardust.model.bpmn2.transform.xpdl.Bpmn2StardustXPDL - addItemDefinition org.eclipse.bpmn2.impl.ItemDefinitionImpl@4ecd200f (id: TestStringItem, anyAttribute: null) (isCollection: false, itemKind: Information)
DEBUG main org.eclipse.stardust.model.bpmn2.transform.xpdl.Bpmn2StardustXPDL - addItemDefinition org.eclipse.bpmn2.impl.ItemDefinitionImpl@2820224a (id: TestIntegerItem, anyAttribute: null) (isCollection: false, itemKind: Information)
DEBUG main org.eclipse.stardust.model.bpmn2.transform.xpdl.Bpmn2StardustXPDL - addProcess org.eclipse.bpmn2.impl.ProcessImpl@51970991 (id: TestModelProcessPrimitiveData, anyAttribute: null) (name: Hauptprozess) (isClosed: false, isExecutable: false, processType: None)
DEBUG main org.eclipse.stardust.model.bpmn2.transform.xpdl.elements.activity.task.UserTask2Stardust - Add user task: org.eclipse.bpmn2.impl.UserTaskImpl@3f610944 (id: TestModelTaskA, anyAttribute: null) (name: Enter string for number) (completionQuantity: 1, isForCompensation: false, startQuantity: 1) (implementation: unspecified)
DEBUG main org.eclipse.stardust.model.bpmn2.transform.xpdl.Bpmn2StardustXPDL - addDataObject TestModelNumberDataInputObject null in org.eclipse.bpmn2.impl.ProcessImpl@51970991 (id: TestModelProcessPrimitiveData, anyAttribute: null) (name: Hauptprozess) (isClosed: false, isExecutable: false, processType: None)
DEBUG main org.eclipse.stardust.model.bpmn2.transform.xpdl.Bpmn2StardustXPDL - addDataObject TestModelStringDataOutputObject null in org.eclipse.bpmn2.impl.ProcessImpl@51970991 (id: TestModelProcessPrimitiveData, anyAttribute: null) (name: Hauptprozess) (isClosed: false, isExecutable: false, processType: None)
DEBUG main org.eclipse.stardust.model.bpmn2.transform.xpdl.Bpmn2StardustXPDL - addTaskDataFlows TestModelTaskA Enter string for number
DEBUG main org.eclipse.stardust.model.bpmn2.transform.xpdl.elements.data.TaskDataFlow2Stardust - DataInputAssociation without assignment org.eclipse.bpmn2.impl.DataInputAssociationImpl@bb0620c (id: TestModelNumberDataInputAssociationTaskA, anyAttribute: null)
DEBUG main org.eclipse.stardust.model.bpmn2.transform.xpdl.elements.data.TaskDataFlow2Stardust - DataInputAssociation without assignment org.eclipse.bpmn2.impl.DataOutputAssociationImpl@6b6d079a (id: TestModelStringDataOutputAssociationTaskA, anyAttribute: null)
INFO main org.eclipse.stardust.model.bpmn2.transform.xpdl.Bpmn2StardustXPDL - Finalize transformation.
DEBUG main org.eclipse.stardust.model.bpmn2.transform.xpdl.Bpmn2StardustXPDL - serializeTargetModel
INFO main org.eclipse.stardust.model.bpmn2.transform.TransformationControl - 
INFO main org.eclipse.stardust.model.bpmn2.input.BPMNModelImporter - importModel /C:/itpearls-src/stardust-bpmn2/org.eclipse.stardust.model.bpmn2.transform/target/test-classes/models/bpmn/SimpleTypeDataFlow.bpmn
INFO main org.eclipse.stardust.model.bpmn2.input.BPMNModelImporter - importModel file:/C:/itpearls-src/stardust-bpmn2/org.eclipse.stardust.model.bpmn2.transform/target/test-classes/models/bpmn/SimpleTypeDataFlow.bpmn
INFO main org.eclipse.stardust.model.bpmn2.transform.xpdl.Bpmn2StardustXPDL - createTargetModel null
DEBUG main org.eclipse.stardust.model.bpmn2.transform.xpdl.Bpmn2StardustXPDL - addItemDefinition org.eclipse.bpmn2.impl.ItemDefinitionImpl@1fb88122 (id: TestStringItem, anyAttribute: null) (isCollection: false, itemKind: Information)
DEBUG main org.eclipse.stardust.model.bpmn2.transform.xpdl.Bpmn2StardustXPDL - addItemDefinition org.eclipse.bpmn2.impl.ItemDefinitionImpl@2bd9e5ad (id: TestIntegerItem, anyAttribute: null) (isCollection: false, itemKind: Information)
DEBUG main org.eclipse.stardust.model.bpmn2.transform.xpdl.Bpmn2StardustXPDL - addProcess org.eclipse.bpmn2.impl.ProcessImpl@6e75d758 (id: TestModelProcessPrimitiveData, anyAttribute: null) (name: Hauptprozess) (isClosed: false, isExecutable: false, processType: None)
DEBUG main org.eclipse.stardust.model.bpmn2.transform.xpdl.elements.activity.task.UserTask2Stardust - Add user task: org.eclipse.bpmn2.impl.UserTaskImpl@11c0b8a0 (id: TestModelTaskA, anyAttribute: null) (name: Enter string for number) (completionQuantity: 1, isForCompensation: false, startQuantity: 1) (implementation: unspecified)
DEBUG main org.eclipse.stardust.model.bpmn2.transform.xpdl.Bpmn2StardustXPDL - addDataObject TestModelNumberDataInputObject null in org.eclipse.bpmn2.impl.ProcessImpl@6e75d758 (id: TestModelProcessPrimitiveData, anyAttribute: null) (name: Hauptprozess) (isClosed: false, isExecutable: false, processType: None)
DEBUG main org.eclipse.stardust.model.bpmn2.transform.xpdl.Bpmn2StardustXPDL - addDataObject TestModelStringDataOutputObject null in org.eclipse.bpmn2.impl.ProcessImpl@6e75d758 (id: TestModelProcessPrimitiveData, anyAttribute: null) (name: Hauptprozess) (isClosed: false, isExecutable: false, processType: None)
DEBUG main org.eclipse.stardust.model.bpmn2.transform.xpdl.Bpmn2StardustXPDL - addTaskDataFlows TestModelTaskA Enter string for number
DEBUG main org.eclipse.stardust.model.bpmn2.transform.xpdl.elements.data.TaskDataFlow2Stardust - DataInputAssociation without assignment org.eclipse.bpmn2.impl.DataInputAssociationImpl@10f1f34a (id: TestModelNumberDataInputAssociationTaskA, anyAttribute: null)
DEBUG main org.eclipse.stardust.model.bpmn2.transform.xpdl.elements.data.TaskDataFlow2Stardust - DataInputAssociation without assignment org.eclipse.bpmn2.impl.DataOutputAssociationImpl@7e566633 (id: TestModelStringDataOutputAssociationTaskA, anyAttribute: null)
INFO main org.eclipse.stardust.model.bpmn2.transform.xpdl.Bpmn2StardustXPDL - Finalize transformation.
DEBUG main org.eclipse.stardust.model.bpmn2.transform.xpdl.Bpmn2StardustXPDL - serializeTargetModel
INFO main org.eclipse.stardust.model.bpmn2.transform.TransformationControl - 
INFO main org.eclipse.stardust.model.bpmn2.input.BPMNModelImporter - importModel /C:/itpearls-src/stardust-bpmn2/org.eclipse.stardust.model.bpmn2.transform/target/test-classes/models/bpmn/SimpleTypeDataFlow.bpmn
INFO main org.eclipse.stardust.model.bpmn2.input.BPMNModelImporter - importModel file:/C:/itpearls-src/stardust-bpmn2/org.eclipse.stardust.model.bpmn2.transform/target/test-classes/models/bpmn/SimpleTypeDataFlow.bpmn
INFO main org.eclipse.stardust.model.bpmn2.transform.xpdl.Bpmn2StardustXPDL - createTargetModel null
DEBUG main org.eclipse.stardust.model.bpmn2.transform.xpdl.Bpmn2StardustXPDL - addItemDefinition org.eclipse.bpmn2.impl.ItemDefinitionImpl@1b7adb4a (id: TestStringItem, anyAttribute: null) (isCollection: false, itemKind: Information)
DEBUG main org.eclipse.stardust.model.bpmn2.transform.xpdl.Bpmn2StardustXPDL - addItemDefinition org.eclipse.bpmn2.impl.ItemDefinitionImpl@e58ff51 (id: TestIntegerItem, anyAttribute: null) (isCollection: false, itemKind: Information)
INFO main org.eclipse.stardust.model.bpmn2.input.BPMNModelImporter - importModel /C:/itpearls-src/stardust-bpmn2/org.eclipse.stardust.model.bpmn2.transform/target/test-classes/models/bpmn/EmbeddedSchemaDataObject.bpmn
INFO main org.eclipse.stardust.model.bpmn2.input.BPMNModelImporter - importModel file:/C:/itpearls-src/stardust-bpmn2/org.eclipse.stardust.model.bpmn2.transform/target/test-classes/models/bpmn/EmbeddedSchemaDataObject.bpmn
INFO main org.eclipse.stardust.model.bpmn2.transform.xpdl.Bpmn2StardustXPDL - createTargetModel null
DEBUG main org.eclipse.stardust.model.bpmn2.transform.xpdl.Bpmn2StardustXPDL - addItemDefinition org.eclipse.bpmn2.impl.ItemDefinitionImpl@caa559d (id: CustomerInfoItemDefinition, anyAttribute: null) (isCollection: false, itemKind: Information)
DEBUG main org.eclipse.stardust.model.bpmn2.transform.xpdl.Bpmn2StardustXPDL - addProcess org.eclipse.bpmn2.impl.ProcessImpl@226e8504 (id: EmbeddedSchemaDataObject, anyAttribute: null) (name: Default Process) (isClosed: false, isExecutable: false, processType: None)
DEBUG main org.eclipse.stardust.model.bpmn2.transform.xpdl.Bpmn2StardustXPDL - addStartEventStartEvent_1 Start Event 1 in org.eclipse.bpmn2.impl.ProcessImpl@226e8504 (id: EmbeddedSchemaDataObject, anyAttribute: null) (name: Default Process) (isClosed: false, isExecutable: false, processType: None)
DEBUG main org.eclipse.stardust.model.bpmn2.transform.xpdl.elements.event.StartEvent2Stardust - addStartEvent org.eclipse.bpmn2.impl.StartEventImpl@5025bd56 (id: StartEvent_1, anyAttribute: null) (name: Start Event 1) (parallelMultiple: false) (isInterrupting: true)
DEBUG main org.eclipse.stardust.model.bpmn2.transform.xpdl.elements.event.StartEvent2Stardust - addManualTrigger org.eclipse.bpmn2.impl.StartEventImpl@5025bd56 (id: StartEvent_1, anyAttribute: null) (name: Start Event 1) (parallelMultiple: false) (isInterrupting: true)
DEBUG main org.eclipse.stardust.model.bpmn2.transform.xpdl.elements.event.EndEvent2Stardust - addEndEvent org.eclipse.bpmn2.impl.EndEventImpl@4950b45a (id: EndEvent_1, anyAttribute: null) (name: End Event 1)
DEBUG main org.eclipse.stardust.model.bpmn2.transform.xpdl.Bpmn2StardustXPDL - addDataObject DataObject_1 CustomerInfoDataObject in org.eclipse.bpmn2.impl.ProcessImpl@226e8504 (id: EmbeddedSchemaDataObject, anyAttribute: null) (name: Default Process) (isClosed: false, isExecutable: false, processType: None)
DEBUG main org.eclipse.stardust.model.bpmn2.transform.xpdl.elements.activity.task.UserTask2Stardust - Add user task: org.eclipse.bpmn2.impl.UserTaskImpl@20773d03 (id: UserTask_1, anyAttribute: null) (name: DummyUserTaskInputOutputCustomerInfo) (completionQuantity: 1, isForCompensation: false, startQuantity: 1) (implementation: null)
DEBUG main org.eclipse.stardust.model.bpmn2.transform.xpdl.Bpmn2StardustXPDL - addSequenceFlow org.eclipse.bpmn2.impl.SequenceFlowImpl@77bdbf9d (id: SequenceFlow_1, anyAttribute: null) (name: Sequence Flow 1) (isImmediate: false)
DEBUG main org.eclipse.stardust.model.bpmn2.transform.xpdl.elements.control.SequenceFlow2Stardust - transition: SequenceFlow_1 setSequenceTrueCondition
DEBUG main org.eclipse.stardust.model.bpmn2.transform.xpdl.Bpmn2StardustXPDL - addSequenceFlow org.eclipse.bpmn2.impl.SequenceFlowImpl@40f12b72 (id: SequenceFlow_2, anyAttribute: null) (name: null) (isImmediate: false)
DEBUG main org.eclipse.stardust.model.bpmn2.transform.xpdl.Bpmn2StardustXPDL - addTaskDataFlows UserTask_1 DummyUserTaskInputOutputCustomerInfo
DEBUG main org.eclipse.stardust.model.bpmn2.transform.xpdl.elements.data.TaskDataFlow2Stardust - DataInputAssociation without assignment org.eclipse.bpmn2.impl.DataInputAssociationImpl@40b890dc (id: DataInputAssociation_1, anyAttribute: null)
DEBUG main org.eclipse.stardust.model.bpmn2.transform.xpdl.elements.data.TaskDataFlow2Stardust - DataInputAssociation without assignment org.eclipse.bpmn2.impl.DataOutputAssociationImpl@4cd297c0 (id: DataOutputAssociation_1, anyAttribute: null)
INFO main org.eclipse.stardust.model.bpmn2.transform.xpdl.Bpmn2StardustXPDL - Finalize transformation.
DEBUG main org.eclipse.stardust.model.bpmn2.transform.xpdl.Bpmn2StardustXPDL - serializeTargetModel
INFO main org.eclipse.stardust.model.bpmn2.transform.TransformationControl - StartEvent - no event definition available (StartEvent_1). Manual Start is assumed.
INFO main org.eclipse.stardust.model.bpmn2.transform.TransformationControl - No Event Definition found. (Event org.eclipse.bpmn2.impl.EndEventImpl@4950b45a (id: EndEvent_1, anyAttribute: null) (name: End Event 1) in org.eclipse.bpmn2.impl.ProcessImpl@226e8504 (id: EmbeddedSchemaDataObject, anyAttribute: null) (name: Default Process) (isClosed: false, isExecutable: false, processType: None))
INFO main org.eclipse.stardust.model.bpmn2.transform.TransformationControl - 
INFO main org.eclipse.stardust.model.bpmn2.input.BPMNModelImporter - importModel /C:/itpearls-src/stardust-bpmn2/org.eclipse.stardust.model.bpmn2.transform/target/test-classes/models/bpmn/EmbeddedSchemaDataObject.bpmn
INFO main org.eclipse.stardust.model.bpmn2.input.BPMNModelImporter - importModel file:/C:/itpearls-src/stardust-bpmn2/org.eclipse.stardust.model.bpmn2.transform/target/test-classes/models/bpmn/EmbeddedSchemaDataObject.bpmn
INFO main org.eclipse.stardust.model.bpmn2.transform.xpdl.Bpmn2StardustXPDL - createTargetModel null
DEBUG main org.eclipse.stardust.model.bpmn2.transform.xpdl.Bpmn2StardustXPDL - addItemDefinition org.eclipse.bpmn2.impl.ItemDefinitionImpl@2fc5809e (id: CustomerInfoItemDefinition, anyAttribute: null) (isCollection: false, itemKind: Information)
DEBUG main org.eclipse.stardust.model.bpmn2.transform.xpdl.Bpmn2StardustXPDL - addProcess org.eclipse.bpmn2.impl.ProcessImpl@57fcca7b (id: EmbeddedSchemaDataObject, anyAttribute: null) (name: Default Process) (isClosed: false, isExecutable: false, processType: None)
DEBUG main org.eclipse.stardust.model.bpmn2.transform.xpdl.Bpmn2StardustXPDL - addStartEventStartEvent_1 Start Event 1 in org.eclipse.bpmn2.impl.ProcessImpl@57fcca7b (id: EmbeddedSchemaDataObject, anyAttribute: null) (name: Default Process) (isClosed: false, isExecutable: false, processType: None)
DEBUG main org.eclipse.stardust.model.bpmn2.transform.xpdl.elements.event.StartEvent2Stardust - addStartEvent org.eclipse.bpmn2.impl.StartEventImpl@69a18ee2 (id: StartEvent_1, anyAttribute: null) (name: Start Event 1) (parallelMultiple: false) (isInterrupting: true)
DEBUG main org.eclipse.stardust.model.bpmn2.transform.xpdl.elements.event.StartEvent2Stardust - addManualTrigger org.eclipse.bpmn2.impl.StartEventImpl@69a18ee2 (id: StartEvent_1, anyAttribute: null) (name: Start Event 1) (parallelMultiple: false) (isInterrupting: true)
DEBUG main org.eclipse.stardust.model.bpmn2.transform.xpdl.elements.event.EndEvent2Stardust - addEndEvent org.eclipse.bpmn2.impl.EndEventImpl@58f41393 (id: EndEvent_1, anyAttribute: null) (name: End Event 1)
DEBUG main org.eclipse.stardust.model.bpmn2.transform.xpdl.Bpmn2StardustXPDL - addDataObject DataObject_1 CustomerInfoDataObject in org.eclipse.bpmn2.impl.ProcessImpl@57fcca7b (id: EmbeddedSchemaDataObject, anyAttribute: null) (name: Default Process) (isClosed: false, isExecutable: false, processType: None)
DEBUG main org.eclipse.stardust.model.bpmn2.transform.xpdl.elements.activity.task.UserTask2Stardust - Add user task: org.eclipse.bpmn2.impl.UserTaskImpl@4a6f19d5 (id: UserTask_1, anyAttribute: null) (name: DummyUserTaskInputOutputCustomerInfo) (completionQuantity: 1, isForCompensation: false, startQuantity: 1) (implementation: null)
DEBUG main org.eclipse.stardust.model.bpmn2.transform.xpdl.Bpmn2StardustXPDL - addSequenceFlow org.eclipse.bpmn2.impl.SequenceFlowImpl@4d092447 (id: SequenceFlow_1, anyAttribute: null) (name: Sequence Flow 1) (isImmediate: false)
DEBUG main org.eclipse.stardust.model.bpmn2.transform.xpdl.elements.control.SequenceFlow2Stardust - transition: SequenceFlow_1 setSequenceTrueCondition
DEBUG main org.eclipse.stardust.model.bpmn2.transform.xpdl.Bpmn2StardustXPDL - addSequenceFlow org.eclipse.bpmn2.impl.SequenceFlowImpl@1efd9b97 (id: SequenceFlow_2, anyAttribute: null) (name: null) (isImmediate: false)
DEBUG main org.eclipse.stardust.model.bpmn2.transform.xpdl.Bpmn2StardustXPDL - addTaskDataFlows UserTask_1 DummyUserTaskInputOutputCustomerInfo
DEBUG main org.eclipse.stardust.model.bpmn2.transform.xpdl.elements.data.TaskDataFlow2Stardust - DataInputAssociation without assignment org.eclipse.bpmn2.impl.DataInputAssociationImpl@264d40df (id: DataInputAssociation_1, anyAttribute: null)
DEBUG main org.eclipse.stardust.model.bpmn2.transform.xpdl.elements.data.TaskDataFlow2Stardust - DataInputAssociation without assignment org.eclipse.bpmn2.impl.DataOutputAssociationImpl@67a5fb5a (id: DataOutputAssociation_1, anyAttribute: null)
INFO main org.eclipse.stardust.model.bpmn2.transform.xpdl.Bpmn2StardustXPDL - Finalize transformation.
DEBUG main org.eclipse.stardust.model.bpmn2.transform.xpdl.Bpmn2StardustXPDL - serializeTargetModel
INFO main org.eclipse.stardust.model.bpmn2.transform.TransformationControl - StartEvent - no event definition available (StartEvent_1). Manual Start is assumed.
INFO main org.eclipse.stardust.model.bpmn2.transform.TransformationControl - No Event Definition found. (Event org.eclipse.bpmn2.impl.EndEventImpl@58f41393 (id: EndEvent_1, anyAttribute: null) (name: End Event 1) in org.eclipse.bpmn2.impl.ProcessImpl@57fcca7b (id: EmbeddedSchemaDataObject, anyAttribute: null) (name: Default Process) (isClosed: false, isExecutable: false, processType: None))
INFO main org.eclipse.stardust.model.bpmn2.transform.TransformationControl - 
