INFO main org.eclipse.stardust.model.bpmn2.transform.TransformationControl - 
INFO main org.eclipse.stardust.model.bpmn2.input.BPMNModelImporter - importModel /C:/itpearls-src/stardust-bpmn2/org.eclipse.stardust.model.bpmn2.transform/target/test-classes/models/bpmn/ParallelGatewaysSingle.bpmn
INFO main org.eclipse.stardust.model.bpmn2.input.BPMNModelImporter - importModel file:/C:/itpearls-src/stardust-bpmn2/org.eclipse.stardust.model.bpmn2.transform/target/test-classes/models/bpmn/ParallelGatewaysSingle.bpmn
INFO main org.eclipse.stardust.model.bpmn2.transform.xpdl.Bpmn2StardustXPDL - createTargetModel null
DEBUG main org.eclipse.stardust.model.bpmn2.transform.xpdl.Bpmn2StardustXPDL - addProcess org.eclipse.bpmn2.impl.ProcessImpl@2eeb08d9 (id: _902e51a3-1856-4744-9bbd-3c71a36329af, anyAttribute: null) (name: Hauptprozess) (isClosed: false, isExecutable: false, processType: None)
DEBUG main org.eclipse.stardust.model.bpmn2.transform.xpdl.elements.AbstractElement2Stardust - Add user task: org.eclipse.bpmn2.impl.UserTaskImpl@4891f69f (id: TestModelTaskA, anyAttribute: null) (name: a) (completionQuantity: 1, isForCompensation: false, startQuantity: 1) (implementation: unspecified)
DEBUG main org.eclipse.stardust.model.bpmn2.transform.xpdl.elements.AbstractElement2Stardust - Add user task: org.eclipse.bpmn2.impl.UserTaskImpl@66d665f1 (id: TestModelTaskB, anyAttribute: null) (name: b) (completionQuantity: 1, isForCompensation: false, startQuantity: 1) (implementation: unspecified)
DEBUG main org.eclipse.stardust.model.bpmn2.transform.xpdl.elements.AbstractElement2Stardust - Add user task: org.eclipse.bpmn2.impl.UserTaskImpl@5bee5f6 (id: TestModelTaskC, anyAttribute: null) (name: c) (completionQuantity: 1, isForCompensation: false, startQuantity: 1) (implementation: unspecified)
DEBUG main org.eclipse.stardust.model.bpmn2.transform.xpdl.elements.AbstractElement2Stardust - Add user task: org.eclipse.bpmn2.impl.UserTaskImpl@37eb7c6c (id: TestModelTaskD, anyAttribute: null) (name: d) (completionQuantity: 1, isForCompensation: false, startQuantity: 1) (implementation: unspecified)
DEBUG main org.eclipse.stardust.model.bpmn2.transform.xpdl.elements.AbstractElement2Stardust - Add user task: org.eclipse.bpmn2.impl.UserTaskImpl@4535b322 (id: TestModelTaskE, anyAttribute: null) (name: e) (completionQuantity: 1, isForCompensation: false, startQuantity: 1) (implementation: unspecified)
DEBUG main org.eclipse.stardust.model.bpmn2.transform.TransformationControl - ModelTransformator.processGateway() org.eclipse.bpmn2.impl.ParallelGatewayImpl@4883a0ad (id: testModelParallelSplit, anyAttribute: null) (name: SplitAndGate) (gatewayDirection: Diverging)
DEBUG main org.eclipse.stardust.model.bpmn2.transform.xpdl.Bpmn2StardustXPDL - addParallelGatewaytestModelParallelSplit SplitAndGate
DEBUG main org.eclipse.stardust.model.bpmn2.transform.xpdl.elements.AbstractElement2Stardust - transition: _cb8558bb-fc7f-48d9-89fe-d2df6e37bbd2 setSequenceTrueCondition
DEBUG main org.eclipse.stardust.model.bpmn2.transform.xpdl.elements.AbstractElement2Stardust - transition: TestModelConditionalSequenceFlow1 setSequenceTrueCondition
DEBUG main org.eclipse.stardust.model.bpmn2.transform.xpdl.elements.AbstractElement2Stardust - transition: _b6a578ba-d556-4867-ab1d-31d05a33a35e setSequenceTrueCondition
DEBUG main org.eclipse.stardust.model.bpmn2.transform.xpdl.elements.AbstractElement2Stardust - transition: _1d76ccef-d45f-4802-98d3-0aa0e978c554 setSequenceTrueCondition
DEBUG main org.eclipse.stardust.model.bpmn2.transform.TransformationControl - ModelTransformator.processGateway() org.eclipse.bpmn2.impl.ParallelGatewayImpl@39a9e30c (id: testModelParallelMerge, anyAttribute: null) (name: JoinAndGate) (gatewayDirection: Converging)
DEBUG main org.eclipse.stardust.model.bpmn2.transform.xpdl.Bpmn2StardustXPDL - addParallelGatewaytestModelParallelMerge JoinAndGate
DEBUG main org.eclipse.stardust.model.bpmn2.transform.xpdl.elements.AbstractElement2Stardust - transition: _fb92c3da-c942-4350-bc9f-1b87e5f70023 setSequenceTrueCondition
DEBUG main org.eclipse.stardust.model.bpmn2.transform.xpdl.elements.AbstractElement2Stardust - transition: _64cf5e6a-18c6-4689-ba93-2865f67c16d6 setSequenceTrueCondition
DEBUG main org.eclipse.stardust.model.bpmn2.transform.xpdl.elements.AbstractElement2Stardust - transition: _5af8c969-22a2-485a-8356-8af176a7b3d2 setSequenceTrueCondition
DEBUG main org.eclipse.stardust.model.bpmn2.transform.xpdl.elements.AbstractElement2Stardust - transition: _53472ed0-6bda-4cc3-8119-feb7e93b0ddb setSequenceTrueCondition
DEBUG main org.eclipse.stardust.model.bpmn2.transform.xpdl.Bpmn2StardustXPDL - addSequenceFlow org.eclipse.bpmn2.impl.SequenceFlowImpl@40794667 (id: _cb8558bb-fc7f-48d9-89fe-d2df6e37bbd2, anyAttribute: null) (name: null) (isImmediate: false)
DEBUG main org.eclipse.stardust.model.bpmn2.transform.xpdl.Bpmn2StardustXPDL - addSequenceFlow org.eclipse.bpmn2.impl.SequenceFlowImpl@59fd3542 (id: TestModelConditionalSequenceFlow1, anyAttribute: null) (name: null) (isImmediate: false)
DEBUG main org.eclipse.stardust.model.bpmn2.transform.xpdl.Bpmn2StardustXPDL - addSequenceFlow org.eclipse.bpmn2.impl.SequenceFlowImpl@7eb3ae35 (id: _b6a578ba-d556-4867-ab1d-31d05a33a35e, anyAttribute: null) (name: null) (isImmediate: false)
DEBUG main org.eclipse.stardust.model.bpmn2.transform.xpdl.Bpmn2StardustXPDL - addSequenceFlow org.eclipse.bpmn2.impl.SequenceFlowImpl@46725a8f (id: _1d76ccef-d45f-4802-98d3-0aa0e978c554, anyAttribute: null) (name: null) (isImmediate: false)
DEBUG main org.eclipse.stardust.model.bpmn2.transform.xpdl.Bpmn2StardustXPDL - addSequenceFlow org.eclipse.bpmn2.impl.SequenceFlowImpl@7d97866a (id: _fb92c3da-c942-4350-bc9f-1b87e5f70023, anyAttribute: null) (name: null) (isImmediate: false)
DEBUG main org.eclipse.stardust.model.bpmn2.transform.xpdl.Bpmn2StardustXPDL - addSequenceFlow org.eclipse.bpmn2.impl.SequenceFlowImpl@66f9d990 (id: _64cf5e6a-18c6-4689-ba93-2865f67c16d6, anyAttribute: null) (name: null) (isImmediate: false)
DEBUG main org.eclipse.stardust.model.bpmn2.transform.xpdl.Bpmn2StardustXPDL - addSequenceFlow org.eclipse.bpmn2.impl.SequenceFlowImpl@1d3ab1c1 (id: _5af8c969-22a2-485a-8356-8af176a7b3d2, anyAttribute: null) (name: null) (isImmediate: false)
DEBUG main org.eclipse.stardust.model.bpmn2.transform.xpdl.Bpmn2StardustXPDL - addSequenceFlow org.eclipse.bpmn2.impl.SequenceFlowImpl@786c04e4 (id: _53472ed0-6bda-4cc3-8119-feb7e93b0ddb, anyAttribute: null) (name: null) (isImmediate: false)
INFO main org.eclipse.stardust.model.bpmn2.transform.xpdl.Bpmn2StardustXPDL - Finalize transformation.
DEBUG main org.eclipse.stardust.model.bpmn2.transform.xpdl.Bpmn2StardustXPDL - serializeTargetModel
INFO main org.eclipse.stardust.model.bpmn2.transform.TransformationControl - 
INFO main org.eclipse.stardust.model.bpmn2.input.BPMNModelImporter - importModel /C:/itpearls-src/stardust-bpmn2/org.eclipse.stardust.model.bpmn2.transform/target/test-classes/models/bpmn/XORGatewaysSingle.bpmn
INFO main org.eclipse.stardust.model.bpmn2.input.BPMNModelImporter - importModel file:/C:/itpearls-src/stardust-bpmn2/org.eclipse.stardust.model.bpmn2.transform/target/test-classes/models/bpmn/XORGatewaysSingle.bpmn
INFO main org.eclipse.stardust.model.bpmn2.transform.xpdl.Bpmn2StardustXPDL - createTargetModel null
DEBUG main org.eclipse.stardust.model.bpmn2.transform.xpdl.Bpmn2StardustXPDL - addProcess org.eclipse.bpmn2.impl.ProcessImpl@281a3660 (id: _7242afea-9c6c-4892-9875-f6390346905c, anyAttribute: null) (name: Hauptprozess) (isClosed: false, isExecutable: false, processType: None)
DEBUG main org.eclipse.stardust.model.bpmn2.transform.xpdl.elements.AbstractElement2Stardust - Add user task: org.eclipse.bpmn2.impl.UserTaskImpl@50e7ed31 (id: TestModelTaskA, anyAttribute: null) (name: a) (completionQuantity: 1, isForCompensation: false, startQuantity: 1) (implementation: unspecified)
DEBUG main org.eclipse.stardust.model.bpmn2.transform.xpdl.elements.AbstractElement2Stardust - Add user task: org.eclipse.bpmn2.impl.UserTaskImpl@2a855576 (id: TestModelTaskB, anyAttribute: null) (name: b) (completionQuantity: 1, isForCompensation: false, startQuantity: 1) (implementation: unspecified)
DEBUG main org.eclipse.stardust.model.bpmn2.transform.xpdl.elements.AbstractElement2Stardust - Add user task: org.eclipse.bpmn2.impl.UserTaskImpl@17adcbc9 (id: TestModelTaskC, anyAttribute: null) (name: c) (completionQuantity: 1, isForCompensation: false, startQuantity: 1) (implementation: unspecified)
DEBUG main org.eclipse.stardust.model.bpmn2.transform.xpdl.elements.AbstractElement2Stardust - Add user task: org.eclipse.bpmn2.impl.UserTaskImpl@131e0544 (id: TestModelTaskD, anyAttribute: null) (name: d) (completionQuantity: 1, isForCompensation: false, startQuantity: 1) (implementation: unspecified)
DEBUG main org.eclipse.stardust.model.bpmn2.transform.xpdl.elements.AbstractElement2Stardust - Add user task: org.eclipse.bpmn2.impl.UserTaskImpl@17ebbd2a (id: TestModelTaskE, anyAttribute: null) (name: e) (completionQuantity: 1, isForCompensation: false, startQuantity: 1) (implementation: unspecified)
DEBUG main org.eclipse.stardust.model.bpmn2.transform.TransformationControl - ModelTransformator.processGateway() org.eclipse.bpmn2.impl.ExclusiveGatewayImpl@75d01caa (id: TestModelXORSplitGateway, anyAttribute: null) (name: SplitXOrGate) (gatewayDirection: Diverging)
DEBUG main org.eclipse.stardust.model.bpmn2.transform.xpdl.Bpmn2StardustXPDL - addExclusiveGatewayTestModelXORSplitGateway SplitXOrGate
DEBUG main org.eclipse.stardust.model.bpmn2.transform.xpdl.elements.AbstractElement2Stardust - transition: _cb8558bb-fc7f-48d9-89fe-d2df6e37bbd2 setSequenceTrueCondition
DEBUG main org.eclipse.stardust.model.bpmn2.transform.xpdl.elements.AbstractElement2Stardust - transition: TestModelConditionalSequenceFlow1 setSequenceInformalCondition: test='Condition to B'
DEBUG main org.eclipse.stardust.model.bpmn2.transform.xpdl.elements.AbstractElement2Stardust - transition: _b6a578ba-d556-4867-ab1d-31d05a33a35e setSequenceTrueCondition
DEBUG main org.eclipse.stardust.model.bpmn2.transform.xpdl.elements.AbstractElement2Stardust - transition: TestModelDefaultSequenceFlow setSequenceOtherwiseCondition
DEBUG main org.eclipse.stardust.model.bpmn2.transform.TransformationControl - ModelTransformator.processGateway() org.eclipse.bpmn2.impl.ExclusiveGatewayImpl@320a1953 (id: TestModelXORJoinGateway, anyAttribute: null) (name: JoinXOrGate) (gatewayDirection: Converging)
DEBUG main org.eclipse.stardust.model.bpmn2.transform.xpdl.Bpmn2StardustXPDL - addExclusiveGatewayTestModelXORJoinGateway JoinXOrGate
DEBUG main org.eclipse.stardust.model.bpmn2.transform.xpdl.elements.AbstractElement2Stardust - transition: _fb92c3da-c942-4350-bc9f-1b87e5f70023 setSequenceTrueCondition
DEBUG main org.eclipse.stardust.model.bpmn2.transform.xpdl.elements.AbstractElement2Stardust - transition: _64cf5e6a-18c6-4689-ba93-2865f67c16d6 setSequenceTrueCondition
DEBUG main org.eclipse.stardust.model.bpmn2.transform.xpdl.elements.AbstractElement2Stardust - transition: _5af8c969-22a2-485a-8356-8af176a7b3d2 setSequenceTrueCondition
DEBUG main org.eclipse.stardust.model.bpmn2.transform.xpdl.elements.AbstractElement2Stardust - transition: _53472ed0-6bda-4cc3-8119-feb7e93b0ddb setSequenceTrueCondition
DEBUG main org.eclipse.stardust.model.bpmn2.transform.xpdl.Bpmn2StardustXPDL - addSequenceFlow org.eclipse.bpmn2.impl.SequenceFlowImpl@3504b1cf (id: _cb8558bb-fc7f-48d9-89fe-d2df6e37bbd2, anyAttribute: null) (name: null) (isImmediate: false)
DEBUG main org.eclipse.stardust.model.bpmn2.transform.xpdl.Bpmn2StardustXPDL - addSequenceFlow org.eclipse.bpmn2.impl.SequenceFlowImpl@4735a83a (id: TestModelConditionalSequenceFlow1, anyAttribute: null) (name: Condition to B) (isImmediate: false)
DEBUG main org.eclipse.stardust.model.bpmn2.transform.xpdl.Bpmn2StardustXPDL - addSequenceFlow org.eclipse.bpmn2.impl.SequenceFlowImpl@13b79c5c (id: _b6a578ba-d556-4867-ab1d-31d05a33a35e, anyAttribute: null) (name: null) (isImmediate: false)
DEBUG main org.eclipse.stardust.model.bpmn2.transform.xpdl.Bpmn2StardustXPDL - addSequenceFlow org.eclipse.bpmn2.impl.SequenceFlowImpl@7b7a6620 (id: TestModelDefaultSequenceFlow, anyAttribute: null) (name: null) (isImmediate: false)
DEBUG main org.eclipse.stardust.model.bpmn2.transform.xpdl.Bpmn2StardustXPDL - addSequenceFlow org.eclipse.bpmn2.impl.SequenceFlowImpl@20c6fe35 (id: _fb92c3da-c942-4350-bc9f-1b87e5f70023, anyAttribute: null) (name: null) (isImmediate: false)
DEBUG main org.eclipse.stardust.model.bpmn2.transform.xpdl.Bpmn2StardustXPDL - addSequenceFlow org.eclipse.bpmn2.impl.SequenceFlowImpl@685b5a62 (id: _64cf5e6a-18c6-4689-ba93-2865f67c16d6, anyAttribute: null) (name: null) (isImmediate: false)
DEBUG main org.eclipse.stardust.model.bpmn2.transform.xpdl.Bpmn2StardustXPDL - addSequenceFlow org.eclipse.bpmn2.impl.SequenceFlowImpl@458b0d74 (id: _5af8c969-22a2-485a-8356-8af176a7b3d2, anyAttribute: null) (name: null) (isImmediate: false)
DEBUG main org.eclipse.stardust.model.bpmn2.transform.xpdl.Bpmn2StardustXPDL - addSequenceFlow org.eclipse.bpmn2.impl.SequenceFlowImpl@2c205e57 (id: _53472ed0-6bda-4cc3-8119-feb7e93b0ddb, anyAttribute: null) (name: null) (isImmediate: false)
INFO main org.eclipse.stardust.model.bpmn2.transform.xpdl.Bpmn2StardustXPDL - Finalize transformation.
DEBUG main org.eclipse.stardust.model.bpmn2.transform.xpdl.Bpmn2StardustXPDL - serializeTargetModel
INFO main org.eclipse.stardust.model.bpmn2.transform.TransformationControl - 
INFO main org.eclipse.stardust.model.bpmn2.input.BPMNModelImporter - importModel /C:/itpearls-src/stardust-bpmn2/org.eclipse.stardust.model.bpmn2.transform/target/test-classes/models/bpmn/ConvergingGatewaySequenceWithConditionalSequences.bpmn
INFO main org.eclipse.stardust.model.bpmn2.input.BPMNModelImporter - importModel file:/C:/itpearls-src/stardust-bpmn2/org.eclipse.stardust.model.bpmn2.transform/target/test-classes/models/bpmn/ConvergingGatewaySequenceWithConditionalSequences.bpmn
INFO main org.eclipse.stardust.model.bpmn2.transform.xpdl.Bpmn2StardustXPDL - createTargetModel null
DEBUG main org.eclipse.stardust.model.bpmn2.transform.xpdl.Bpmn2StardustXPDL - addProcess org.eclipse.bpmn2.impl.ProcessImpl@348ec43e (id: _db2366a6-4a49-48cd-9c13-261d2d9626aa, anyAttribute: null) (name: Hauptprozess) (isClosed: false, isExecutable: false, processType: None)
DEBUG main org.eclipse.stardust.model.bpmn2.transform.xpdl.Bpmn2StardustXPDL - addServiceTask org.eclipse.bpmn2.impl.ServiceTaskImpl@8f5dd67 (id: TestModelTaskA, anyAttribute: null) (name: a) (completionQuantity: 1, isForCompensation: false, startQuantity: 1) (implementation: ##unspecified) in org.eclipse.bpmn2.impl.ProcessImpl@348ec43e (id: _db2366a6-4a49-48cd-9c13-261d2d9626aa, anyAttribute: null) (name: Hauptprozess) (isClosed: false, isExecutable: false, processType: None)
INFO main org.eclipse.stardust.model.bpmn2.transform.xpdl.elements.activity.task.ServiceTask2Stardust - Add service task: org.eclipse.bpmn2.impl.ServiceTaskImpl@8f5dd67 (id: TestModelTaskA, anyAttribute: null) (name: a) (completionQuantity: 1, isForCompensation: false, startQuantity: 1) (implementation: ##unspecified)
DEBUG main org.eclipse.stardust.model.bpmn2.transform.xpdl.Bpmn2StardustXPDL - addServiceTask org.eclipse.bpmn2.impl.ServiceTaskImpl@459a99c9 (id: TestModelTaskB, anyAttribute: null) (name: b) (completionQuantity: 1, isForCompensation: false, startQuantity: 1) (implementation: ##unspecified) in org.eclipse.bpmn2.impl.ProcessImpl@348ec43e (id: _db2366a6-4a49-48cd-9c13-261d2d9626aa, anyAttribute: null) (name: Hauptprozess) (isClosed: false, isExecutable: false, processType: None)
INFO main org.eclipse.stardust.model.bpmn2.transform.xpdl.elements.activity.task.ServiceTask2Stardust - Add service task: org.eclipse.bpmn2.impl.ServiceTaskImpl@459a99c9 (id: TestModelTaskB, anyAttribute: null) (name: b) (completionQuantity: 1, isForCompensation: false, startQuantity: 1) (implementation: ##unspecified)
DEBUG main org.eclipse.stardust.model.bpmn2.transform.xpdl.Bpmn2StardustXPDL - addServiceTask org.eclipse.bpmn2.impl.ServiceTaskImpl@28e67ed2 (id: TestModelTaskC, anyAttribute: null) (name: c) (completionQuantity: 1, isForCompensation: false, startQuantity: 1) (implementation: ##unspecified) in org.eclipse.bpmn2.impl.ProcessImpl@348ec43e (id: _db2366a6-4a49-48cd-9c13-261d2d9626aa, anyAttribute: null) (name: Hauptprozess) (isClosed: false, isExecutable: false, processType: None)
INFO main org.eclipse.stardust.model.bpmn2.transform.xpdl.elements.activity.task.ServiceTask2Stardust - Add service task: org.eclipse.bpmn2.impl.ServiceTaskImpl@28e67ed2 (id: TestModelTaskC, anyAttribute: null) (name: c) (completionQuantity: 1, isForCompensation: false, startQuantity: 1) (implementation: ##unspecified)
DEBUG main org.eclipse.stardust.model.bpmn2.transform.xpdl.Bpmn2StardustXPDL - addServiceTask org.eclipse.bpmn2.impl.ServiceTaskImpl@349021f8 (id: TestModelTaskD, anyAttribute: null) (name: d) (completionQuantity: 1, isForCompensation: false, startQuantity: 1) (implementation: ##unspecified) in org.eclipse.bpmn2.impl.ProcessImpl@348ec43e (id: _db2366a6-4a49-48cd-9c13-261d2d9626aa, anyAttribute: null) (name: Hauptprozess) (isClosed: false, isExecutable: false, processType: None)
INFO main org.eclipse.stardust.model.bpmn2.transform.xpdl.elements.activity.task.ServiceTask2Stardust - Add service task: org.eclipse.bpmn2.impl.ServiceTaskImpl@349021f8 (id: TestModelTaskD, anyAttribute: null) (name: d) (completionQuantity: 1, isForCompensation: false, startQuantity: 1) (implementation: ##unspecified)
DEBUG main org.eclipse.stardust.model.bpmn2.transform.xpdl.Bpmn2StardustXPDL - addServiceTask org.eclipse.bpmn2.impl.ServiceTaskImpl@62a63bbd (id: TestModelTaskE, anyAttribute: null) (name: e) (completionQuantity: 1, isForCompensation: false, startQuantity: 1) (implementation: ##unspecified) in org.eclipse.bpmn2.impl.ProcessImpl@348ec43e (id: _db2366a6-4a49-48cd-9c13-261d2d9626aa, anyAttribute: null) (name: Hauptprozess) (isClosed: false, isExecutable: false, processType: None)
INFO main org.eclipse.stardust.model.bpmn2.transform.xpdl.elements.activity.task.ServiceTask2Stardust - Add service task: org.eclipse.bpmn2.impl.ServiceTaskImpl@62a63bbd (id: TestModelTaskE, anyAttribute: null) (name: e) (completionQuantity: 1, isForCompensation: false, startQuantity: 1) (implementation: ##unspecified)
DEBUG main org.eclipse.stardust.model.bpmn2.transform.xpdl.Bpmn2StardustXPDL - addServiceTask org.eclipse.bpmn2.impl.ServiceTaskImpl@f9c27e4 (id: TestModelTaskX, anyAttribute: null) (name: x) (completionQuantity: 1, isForCompensation: false, startQuantity: 1) (implementation: ##unspecified) in org.eclipse.bpmn2.impl.ProcessImpl@348ec43e (id: _db2366a6-4a49-48cd-9c13-261d2d9626aa, anyAttribute: null) (name: Hauptprozess) (isClosed: false, isExecutable: false, processType: None)
INFO main org.eclipse.stardust.model.bpmn2.transform.xpdl.elements.activity.task.ServiceTask2Stardust - Add service task: org.eclipse.bpmn2.impl.ServiceTaskImpl@f9c27e4 (id: TestModelTaskX, anyAttribute: null) (name: x) (completionQuantity: 1, isForCompensation: false, startQuantity: 1) (implementation: ##unspecified)
DEBUG main org.eclipse.stardust.model.bpmn2.transform.TransformationControl - ModelTransformator.processGateway() org.eclipse.bpmn2.impl.ExclusiveGatewayImpl@54fef1bd (id: TestModelExclusiveGateB, anyAttribute: null) (name: MergeMerge) (gatewayDirection: Converging)
DEBUG main org.eclipse.stardust.model.bpmn2.transform.xpdl.Bpmn2StardustXPDL - addExclusiveGatewayTestModelExclusiveGateB MergeMerge
DEBUG main org.eclipse.stardust.model.bpmn2.transform.xpdl.elements.AbstractElement2Stardust - transition: TestModelSequenceDtoGateB setSequenceTrueCondition
DEBUG main org.eclipse.stardust.model.bpmn2.transform.xpdl.elements.AbstractElement2Stardust - transition: TestModelSequenceGateBtoE setSequenceFormalCondition 
DEBUG main org.eclipse.stardust.model.bpmn2.transform.TransformationControl - ModelTransformator.processGateway() org.eclipse.bpmn2.impl.ParallelGatewayImpl@2db0dae3 (id: TestModelParallelGateC, anyAttribute: null) (name: null) (gatewayDirection: Diverging)
DEBUG main org.eclipse.stardust.model.bpmn2.transform.xpdl.Bpmn2StardustXPDL - addParallelGatewayTestModelParallelGateC null
DEBUG main org.eclipse.stardust.model.bpmn2.transform.xpdl.elements.AbstractElement2Stardust - transition: TestModelSequenceXtoGateC setSequenceTrueCondition
DEBUG main org.eclipse.stardust.model.bpmn2.transform.xpdl.elements.AbstractElement2Stardust - transition: TestModelSequenceGateCtoA setSequenceTrueCondition
DEBUG main org.eclipse.stardust.model.bpmn2.transform.xpdl.elements.AbstractElement2Stardust - transition: TestModelSequenceGateCtoB setSequenceTrueCondition
DEBUG main org.eclipse.stardust.model.bpmn2.transform.xpdl.elements.AbstractElement2Stardust - transition: TestModelSequenceGateCtoC setSequenceTrueCondition
DEBUG main org.eclipse.stardust.model.bpmn2.transform.TransformationControl - ModelTransformator.processGateway() org.eclipse.bpmn2.impl.ExclusiveGatewayImpl@35f28484 (id: TestModelExclusiveGateA, anyAttribute: null) (name: MergeAB) (gatewayDirection: Converging)
DEBUG main org.eclipse.stardust.model.bpmn2.transform.xpdl.Bpmn2StardustXPDL - addExclusiveGatewayTestModelExclusiveGateA MergeAB
DEBUG main org.eclipse.stardust.model.bpmn2.transform.xpdl.elements.AbstractElement2Stardust - transition: TestModelSequenceAtoGateA setSequenceFormalCondition 
DEBUG main org.eclipse.stardust.model.bpmn2.transform.xpdl.elements.AbstractElement2Stardust - transition: TestModelSequenceBtoGateA setSequenceFormalCondition 
DEBUG main org.eclipse.stardust.model.bpmn2.transform.xpdl.elements.AbstractElement2Stardust - transition: TestModelSequenceGateAtoGateB setSequenceTrueCondition
DEBUG main org.eclipse.stardust.model.bpmn2.transform.xpdl.Bpmn2StardustXPDL - Process control flows not using gateways (uncontrolled or conditional sequences) in container: org.eclipse.bpmn2.impl.ProcessImpl@348ec43e (id: _db2366a6-4a49-48cd-9c13-261d2d9626aa, anyAttribute: null) (name: Hauptprozess) (isClosed: false, isExecutable: false, processType: None)
DEBUG main org.eclipse.stardust.model.bpmn2.transform.xpdl.elements.AbstractElement2Stardust - transition: TestModelSequenceCtoGateB setSequenceFormalCondition 
DEBUG main org.eclipse.stardust.model.bpmn2.transform.xpdl.elements.AbstractElement2Stardust - transition: TestModelSequenceCtoD setSequenceFormalCondition 
DEBUG main org.eclipse.stardust.model.bpmn2.transform.xpdl.Bpmn2StardustXPDL - addSequenceFlow org.eclipse.bpmn2.impl.SequenceFlowImpl@44da11c7 (id: TestModelSequenceAtoGateA, anyAttribute: null) (name: "X"=="X") (isImmediate: false)
DEBUG main org.eclipse.stardust.model.bpmn2.transform.xpdl.Bpmn2StardustXPDL - addSequenceFlow org.eclipse.bpmn2.impl.SequenceFlowImpl@48c54321 (id: TestModelSequenceBtoGateA, anyAttribute: null) (name: "X"=="Y") (isImmediate: false)
DEBUG main org.eclipse.stardust.model.bpmn2.transform.xpdl.Bpmn2StardustXPDL - addSequenceFlow org.eclipse.bpmn2.impl.SequenceFlowImpl@eba50da (id: TestModelSequenceCtoGateB, anyAttribute: null) (name: "X"=="Z") (isImmediate: false)
DEBUG main org.eclipse.stardust.model.bpmn2.transform.xpdl.Bpmn2StardustXPDL - addSequenceFlow org.eclipse.bpmn2.impl.SequenceFlowImpl@6a121fc3 (id: TestModelSequenceGateAtoGateB, anyAttribute: null) (name: null) (isImmediate: false)
DEBUG main org.eclipse.stardust.model.bpmn2.transform.xpdl.Bpmn2StardustXPDL - addSequenceFlow org.eclipse.bpmn2.impl.SequenceFlowImpl@4be3719c (id: TestModelSequenceGateBtoE, anyAttribute: null) (name: null) (isImmediate: false)
DEBUG main org.eclipse.stardust.model.bpmn2.transform.xpdl.Bpmn2StardustXPDL - addSequenceFlow org.eclipse.bpmn2.impl.SequenceFlowImpl@4137dfb0 (id: TestModelSequenceCtoD, anyAttribute: null) (name: "X"=="V";) (isImmediate: false)
DEBUG main org.eclipse.stardust.model.bpmn2.transform.xpdl.Bpmn2StardustXPDL - addSequenceFlow org.eclipse.bpmn2.impl.SequenceFlowImpl@3b3ebd43 (id: TestModelSequenceDtoGateB, anyAttribute: null) (name: null) (isImmediate: false)
DEBUG main org.eclipse.stardust.model.bpmn2.transform.xpdl.Bpmn2StardustXPDL - addSequenceFlow org.eclipse.bpmn2.impl.SequenceFlowImpl@13fb9818 (id: TestModelSequenceXtoGateC, anyAttribute: null) (name: null) (isImmediate: false)
DEBUG main org.eclipse.stardust.model.bpmn2.transform.xpdl.Bpmn2StardustXPDL - addSequenceFlow org.eclipse.bpmn2.impl.SequenceFlowImpl@6abe59e7 (id: TestModelSequenceGateCtoA, anyAttribute: null) (name: null) (isImmediate: false)
DEBUG main org.eclipse.stardust.model.bpmn2.transform.xpdl.Bpmn2StardustXPDL - addSequenceFlow org.eclipse.bpmn2.impl.SequenceFlowImpl@77008370 (id: TestModelSequenceGateCtoB, anyAttribute: null) (name: null) (isImmediate: false)
DEBUG main org.eclipse.stardust.model.bpmn2.transform.xpdl.Bpmn2StardustXPDL - addSequenceFlow org.eclipse.bpmn2.impl.SequenceFlowImpl@42b56b19 (id: TestModelSequenceGateCtoC, anyAttribute: null) (name: null) (isImmediate: false)
INFO main org.eclipse.stardust.model.bpmn2.transform.xpdl.Bpmn2StardustXPDL - Finalize transformation.
DEBUG main org.eclipse.stardust.model.bpmn2.transform.xpdl.Bpmn2StardustXPDL - serializeTargetModel
INFO main org.eclipse.stardust.model.bpmn2.transform.TransformationControl - No Operation Interface found. (Element org.eclipse.bpmn2.impl.ServiceTaskImpl org.eclipse.bpmn2.impl.ServiceTaskImpl@8f5dd67 (id: TestModelTaskA, anyAttribute: null) (name: a) (completionQuantity: 1, isForCompensation: false, startQuantity: 1) (implementation: ##unspecified) in org.eclipse.bpmn2.impl.ProcessImpl@348ec43e (id: _db2366a6-4a49-48cd-9c13-261d2d9626aa, anyAttribute: null) (name: Hauptprozess) (isClosed: false, isExecutable: false, processType: None))
INFO main org.eclipse.stardust.model.bpmn2.transform.TransformationControl - No Operation Interface found. (Element org.eclipse.bpmn2.impl.ServiceTaskImpl org.eclipse.bpmn2.impl.ServiceTaskImpl@459a99c9 (id: TestModelTaskB, anyAttribute: null) (name: b) (completionQuantity: 1, isForCompensation: false, startQuantity: 1) (implementation: ##unspecified) in org.eclipse.bpmn2.impl.ProcessImpl@348ec43e (id: _db2366a6-4a49-48cd-9c13-261d2d9626aa, anyAttribute: null) (name: Hauptprozess) (isClosed: false, isExecutable: false, processType: None))
INFO main org.eclipse.stardust.model.bpmn2.transform.TransformationControl - No Operation Interface found. (Element org.eclipse.bpmn2.impl.ServiceTaskImpl org.eclipse.bpmn2.impl.ServiceTaskImpl@28e67ed2 (id: TestModelTaskC, anyAttribute: null) (name: c) (completionQuantity: 1, isForCompensation: false, startQuantity: 1) (implementation: ##unspecified) in org.eclipse.bpmn2.impl.ProcessImpl@348ec43e (id: _db2366a6-4a49-48cd-9c13-261d2d9626aa, anyAttribute: null) (name: Hauptprozess) (isClosed: false, isExecutable: false, processType: None))
INFO main org.eclipse.stardust.model.bpmn2.transform.TransformationControl - No Operation Interface found. (Element org.eclipse.bpmn2.impl.ServiceTaskImpl org.eclipse.bpmn2.impl.ServiceTaskImpl@349021f8 (id: TestModelTaskD, anyAttribute: null) (name: d) (completionQuantity: 1, isForCompensation: false, startQuantity: 1) (implementation: ##unspecified) in org.eclipse.bpmn2.impl.ProcessImpl@348ec43e (id: _db2366a6-4a49-48cd-9c13-261d2d9626aa, anyAttribute: null) (name: Hauptprozess) (isClosed: false, isExecutable: false, processType: None))
INFO main org.eclipse.stardust.model.bpmn2.transform.TransformationControl - No Operation Interface found. (Element org.eclipse.bpmn2.impl.ServiceTaskImpl org.eclipse.bpmn2.impl.ServiceTaskImpl@62a63bbd (id: TestModelTaskE, anyAttribute: null) (name: e) (completionQuantity: 1, isForCompensation: false, startQuantity: 1) (implementation: ##unspecified) in org.eclipse.bpmn2.impl.ProcessImpl@348ec43e (id: _db2366a6-4a49-48cd-9c13-261d2d9626aa, anyAttribute: null) (name: Hauptprozess) (isClosed: false, isExecutable: false, processType: None))
INFO main org.eclipse.stardust.model.bpmn2.transform.TransformationControl - No Operation Interface found. (Element org.eclipse.bpmn2.impl.ServiceTaskImpl org.eclipse.bpmn2.impl.ServiceTaskImpl@f9c27e4 (id: TestModelTaskX, anyAttribute: null) (name: x) (completionQuantity: 1, isForCompensation: false, startQuantity: 1) (implementation: ##unspecified) in org.eclipse.bpmn2.impl.ProcessImpl@348ec43e (id: _db2366a6-4a49-48cd-9c13-261d2d9626aa, anyAttribute: null) (name: Hauptprozess) (isClosed: false, isExecutable: false, processType: None))
INFO main org.eclipse.stardust.model.bpmn2.transform.TransformationControl - 
INFO main org.eclipse.stardust.model.bpmn2.input.BPMNModelImporter - importModel /C:/itpearls-src/stardust-bpmn2/org.eclipse.stardust.model.bpmn2.transform/target/test-classes/models/bpmn/BackloopToStart.bpmn
INFO main org.eclipse.stardust.model.bpmn2.input.BPMNModelImporter - importModel file:/C:/itpearls-src/stardust-bpmn2/org.eclipse.stardust.model.bpmn2.transform/target/test-classes/models/bpmn/BackloopToStart.bpmn
INFO main org.eclipse.stardust.model.bpmn2.transform.xpdl.Bpmn2StardustXPDL - createTargetModel Mein Diagramm
DEBUG main org.eclipse.stardust.model.bpmn2.transform.xpdl.Bpmn2StardustXPDL - addProcess org.eclipse.bpmn2.impl.ProcessImpl@3aee472b (id: TestModelMainProcess, anyAttribute: null) (name: Hauptprozess) (isClosed: false, isExecutable: false, processType: None)
DEBUG main org.eclipse.stardust.model.bpmn2.transform.xpdl.Bpmn2StardustXPDL - addStartEventTestModelStartEvent null in org.eclipse.bpmn2.impl.ProcessImpl@3aee472b (id: TestModelMainProcess, anyAttribute: null) (name: Hauptprozess) (isClosed: false, isExecutable: false, processType: None)
DEBUG main org.eclipse.stardust.model.bpmn2.transform.xpdl.elements.AbstractElement2Stardust - addStartEvent org.eclipse.bpmn2.impl.StartEventImpl@71827646 (id: TestModelStartEvent, anyAttribute: null) (name: null) (parallelMultiple: false) (isInterrupting: true)
DEBUG main org.eclipse.stardust.model.bpmn2.transform.xpdl.elements.AbstractElement2Stardust - StartEvent - no event definition available (TestModelStartEvent). API or Manual Start is assumed.
DEBUG main org.eclipse.stardust.model.bpmn2.transform.xpdl.elements.AbstractElement2Stardust - addEndEvent org.eclipse.bpmn2.impl.EndEventImpl@2c2327e2 (id: TestModelEndEvent, anyAttribute: null) (name: null)
DEBUG main org.eclipse.stardust.model.bpmn2.transform.xpdl.elements.AbstractElement2Stardust - addEndEvent org.eclipse.bpmn2.impl.EndEventImpl@2c2327e2 (id: TestModelEndEvent, anyAttribute: null) (name: null)
DEBUG main org.eclipse.stardust.model.bpmn2.transform.xpdl.Bpmn2StardustXPDL - addAbstractTask org.eclipse.bpmn2.impl.TaskImpl@380f7d11 (id: TestModelTaskA, anyAttribute: null) (name: a) (completionQuantity: 1, isForCompensation: false, startQuantity: 1) in org.eclipse.bpmn2.impl.ProcessImpl@3aee472b (id: TestModelMainProcess, anyAttribute: null) (name: Hauptprozess) (isClosed: false, isExecutable: false, processType: None)
DEBUG main org.eclipse.stardust.model.bpmn2.transform.xpdl.Bpmn2StardustXPDL - addAbstractTask org.eclipse.bpmn2.impl.TaskImpl@dc03d8 (id: TestModelTaskB, anyAttribute: null) (name: b) (completionQuantity: 1, isForCompensation: false, startQuantity: 1) in org.eclipse.bpmn2.impl.ProcessImpl@3aee472b (id: TestModelMainProcess, anyAttribute: null) (name: Hauptprozess) (isClosed: false, isExecutable: false, processType: None)
DEBUG main org.eclipse.stardust.model.bpmn2.transform.TransformationControl - ModelTransformator.processGateway() org.eclipse.bpmn2.impl.ExclusiveGatewayImpl@6c805a58 (id: _33a06513-eb97-40bb-bf90-b5d6122a4f0e, anyAttribute: null) (name: null) (gatewayDirection: Diverging)
DEBUG main org.eclipse.stardust.model.bpmn2.transform.xpdl.Bpmn2StardustXPDL - addExclusiveGateway_33a06513-eb97-40bb-bf90-b5d6122a4f0e null
DEBUG main org.eclipse.stardust.model.bpmn2.transform.xpdl.elements.AbstractElement2Stardust - transition: TestIdTransitionBToGate setSequenceTrueCondition
DEBUG main org.eclipse.stardust.model.bpmn2.transform.xpdl.elements.AbstractElement2Stardust - transition: _285cad25-f39f-4f49-a6cd-9e8fc7315f76 setSequenceTrueCondition
DEBUG main org.eclipse.stardust.model.bpmn2.transform.xpdl.Bpmn2StardustXPDL - Process control flows not using gateways (uncontrolled or conditional sequences) in container: org.eclipse.bpmn2.impl.ProcessImpl@3aee472b (id: TestModelMainProcess, anyAttribute: null) (name: Hauptprozess) (isClosed: false, isExecutable: false, processType: None)
DEBUG main org.eclipse.stardust.model.bpmn2.transform.xpdl.elements.AbstractElement2Stardust - transition: _bf14110a-03d8-4b12-98bb-809b8d14e97f setSequenceTrueCondition
DEBUG main org.eclipse.stardust.model.bpmn2.transform.xpdl.Bpmn2StardustXPDL - addSequenceFlow org.eclipse.bpmn2.impl.SequenceFlowImpl@5eab7f0e (id: TestIdTransitionStartToA, anyAttribute: null) (name: null) (isImmediate: false)
DEBUG main org.eclipse.stardust.model.bpmn2.transform.xpdl.Bpmn2StardustXPDL - addSequenceFlow org.eclipse.bpmn2.impl.SequenceFlowImpl@4d22a0b0 (id: TestIdTransitionAToB, anyAttribute: null) (name: null) (isImmediate: false)
DEBUG main org.eclipse.stardust.model.bpmn2.transform.xpdl.elements.AbstractElement2Stardust - transition: TestIdTransitionAToB setSequenceTrueCondition
DEBUG main org.eclipse.stardust.model.bpmn2.transform.xpdl.Bpmn2StardustXPDL - addSequenceFlow org.eclipse.bpmn2.impl.SequenceFlowImpl@1c63aa60 (id: TestIdTransitionBToGate, anyAttribute: null) (name: null) (isImmediate: false)
DEBUG main org.eclipse.stardust.model.bpmn2.transform.xpdl.Bpmn2StardustXPDL - addSequenceFlow org.eclipse.bpmn2.impl.SequenceFlowImpl@5346932f (id: _285cad25-f39f-4f49-a6cd-9e8fc7315f76, anyAttribute: null) (name: X==2) (isImmediate: false)
DEBUG main org.eclipse.stardust.model.bpmn2.transform.xpdl.Bpmn2StardustXPDL - addSequenceFlow org.eclipse.bpmn2.impl.SequenceFlowImpl@3e691d5f (id: _bf14110a-03d8-4b12-98bb-809b8d14e97f, anyAttribute: null) (name: X==1) (isImmediate: false)
INFO main org.eclipse.stardust.model.bpmn2.transform.xpdl.Bpmn2StardustXPDL - Finalize transformation.
DEBUG main org.eclipse.stardust.model.bpmn2.transform.xpdl.Bpmn2StardustXPDL - serializeTargetModel
INFO main org.eclipse.stardust.model.bpmn2.transform.TransformationControl - No Event Definition found. (Event org.eclipse.bpmn2.impl.EndEventImpl@2c2327e2 (id: TestModelEndEvent, anyAttribute: null) (name: null) in org.eclipse.bpmn2.impl.ProcessImpl@3aee472b (id: TestModelMainProcess, anyAttribute: null) (name: Hauptprozess) (isClosed: false, isExecutable: false, processType: None))
INFO main org.eclipse.stardust.model.bpmn2.transform.TransformationControl - 
INFO main org.eclipse.stardust.model.bpmn2.input.BPMNModelImporter - importModel /C:/itpearls-src/stardust-bpmn2/org.eclipse.stardust.model.bpmn2.transform/target/test-classes/models/bpmn/ParallelSplitStart.bpmn
INFO main org.eclipse.stardust.model.bpmn2.input.BPMNModelImporter - importModel file:/C:/itpearls-src/stardust-bpmn2/org.eclipse.stardust.model.bpmn2.transform/target/test-classes/models/bpmn/ParallelSplitStart.bpmn
INFO main org.eclipse.stardust.model.bpmn2.transform.xpdl.Bpmn2StardustXPDL - createTargetModel ParallelSplitStart
DEBUG main org.eclipse.stardust.model.bpmn2.transform.xpdl.Bpmn2StardustXPDL - addProcess org.eclipse.bpmn2.impl.ProcessImpl@4f061f45 (id: TestModelMainProcess, anyAttribute: null) (name: Hauptprozess) (isClosed: false, isExecutable: false, processType: None)
DEBUG main org.eclipse.stardust.model.bpmn2.transform.xpdl.Bpmn2StardustXPDL - addStartEventTestModelStartEventId null in org.eclipse.bpmn2.impl.ProcessImpl@4f061f45 (id: TestModelMainProcess, anyAttribute: null) (name: Hauptprozess) (isClosed: false, isExecutable: false, processType: None)
DEBUG main org.eclipse.stardust.model.bpmn2.transform.xpdl.elements.AbstractElement2Stardust - addStartEvent org.eclipse.bpmn2.impl.StartEventImpl@1aef138b (id: TestModelStartEventId, anyAttribute: null) (name: null) (parallelMultiple: false) (isInterrupting: true)
DEBUG main org.eclipse.stardust.model.bpmn2.transform.xpdl.elements.AbstractElement2Stardust - StartEvent - no event definition available (TestModelStartEventId). API or Manual Start is assumed.
DEBUG main org.eclipse.stardust.model.bpmn2.transform.xpdl.Bpmn2StardustXPDL - addAbstractTask org.eclipse.bpmn2.impl.TaskImpl@45ec187d (id: TestModelTaskA, anyAttribute: null) (name: a) (completionQuantity: 1, isForCompensation: false, startQuantity: 1) in org.eclipse.bpmn2.impl.ProcessImpl@4f061f45 (id: TestModelMainProcess, anyAttribute: null) (name: Hauptprozess) (isClosed: false, isExecutable: false, processType: None)
DEBUG main org.eclipse.stardust.model.bpmn2.transform.xpdl.Bpmn2StardustXPDL - addAbstractTask org.eclipse.bpmn2.impl.TaskImpl@f3bda68 (id: TestModelTaskB, anyAttribute: null) (name: b) (completionQuantity: 1, isForCompensation: false, startQuantity: 1) in org.eclipse.bpmn2.impl.ProcessImpl@4f061f45 (id: TestModelMainProcess, anyAttribute: null) (name: Hauptprozess) (isClosed: false, isExecutable: false, processType: None)
DEBUG main org.eclipse.stardust.model.bpmn2.transform.xpdl.Bpmn2StardustXPDL - addAbstractTask org.eclipse.bpmn2.impl.TaskImpl@227fe9a8 (id: TestModelTaskC, anyAttribute: null) (name: c) (completionQuantity: 1, isForCompensation: false, startQuantity: 1) in org.eclipse.bpmn2.impl.ProcessImpl@4f061f45 (id: TestModelMainProcess, anyAttribute: null) (name: Hauptprozess) (isClosed: false, isExecutable: false, processType: None)
DEBUG main org.eclipse.stardust.model.bpmn2.transform.xpdl.elements.AbstractElement2Stardust - addEndEvent org.eclipse.bpmn2.impl.EndEventImpl@7bc52649 (id: TestModelEndEventId, anyAttribute: null) (name: null)
DEBUG main org.eclipse.stardust.model.bpmn2.transform.xpdl.elements.AbstractElement2Stardust - addEndEvent org.eclipse.bpmn2.impl.EndEventImpl@7bc52649 (id: TestModelEndEventId, anyAttribute: null) (name: null)
DEBUG main org.eclipse.stardust.model.bpmn2.transform.xpdl.Bpmn2StardustXPDL - Process control flows not using gateways (uncontrolled or conditional sequences) in container: org.eclipse.bpmn2.impl.ProcessImpl@4f061f45 (id: TestModelMainProcess, anyAttribute: null) (name: Hauptprozess) (isClosed: false, isExecutable: false, processType: None)
DEBUG main org.eclipse.stardust.model.bpmn2.transform.xpdl.elements.AbstractElement2Stardust - org.eclipse.bpmn2.impl.StartEventImpl.getDefault()
DEBUG main org.eclipse.stardust.model.bpmn2.transform.xpdl.Bpmn2StardustXPDL - Process control flows not using gateways (uncontrolled or conditional sequences) in container: org.eclipse.bpmn2.impl.ProcessImpl@4f061f45 (id: TestModelMainProcess, anyAttribute: null) (name: Hauptprozess) (isClosed: false, isExecutable: false, processType: None)
DEBUG main org.eclipse.stardust.model.bpmn2.transform.xpdl.elements.AbstractElement2Stardust - transition: _a1a2c518-2282-4d57-9fc9-34ba6ecb6bfa setSequenceTrueCondition
DEBUG main org.eclipse.stardust.model.bpmn2.transform.xpdl.elements.AbstractElement2Stardust - transition: _62352c60-d7d7-4c35-9405-aaae18ea2941 setSequenceTrueCondition
DEBUG main org.eclipse.stardust.model.bpmn2.transform.xpdl.elements.AbstractElement2Stardust - transition: _e3fc36d3-0193-4700-a7f7-941663edff4f setSequenceTrueCondition
DEBUG main org.eclipse.stardust.model.bpmn2.transform.xpdl.Bpmn2StardustXPDL - addSequenceFlow org.eclipse.bpmn2.impl.SequenceFlowImpl@4c54c21a (id: TestIdTransitionStartToA, anyAttribute: null) (name: null) (isImmediate: false)
DEBUG main org.eclipse.stardust.model.bpmn2.transform.xpdl.Bpmn2StardustXPDL - addSequenceFlow org.eclipse.bpmn2.impl.SequenceFlowImpl@5093601c (id: TestIdTransitionStartToB, anyAttribute: null) (name: null) (isImmediate: false)
DEBUG main org.eclipse.stardust.model.bpmn2.transform.xpdl.Bpmn2StardustXPDL - addSequenceFlow org.eclipse.bpmn2.impl.SequenceFlowImpl@7b8af797 (id: TestIdTransitionStartToC, anyAttribute: null) (name: null) (isImmediate: false)
DEBUG main org.eclipse.stardust.model.bpmn2.transform.xpdl.Bpmn2StardustXPDL - addSequenceFlow org.eclipse.bpmn2.impl.SequenceFlowImpl@608519de (id: _a1a2c518-2282-4d57-9fc9-34ba6ecb6bfa, anyAttribute: null) (name: null) (isImmediate: false)
DEBUG main org.eclipse.stardust.model.bpmn2.transform.xpdl.Bpmn2StardustXPDL - addSequenceFlow org.eclipse.bpmn2.impl.SequenceFlowImpl@42656f53 (id: _62352c60-d7d7-4c35-9405-aaae18ea2941, anyAttribute: null) (name: null) (isImmediate: false)
DEBUG main org.eclipse.stardust.model.bpmn2.transform.xpdl.Bpmn2StardustXPDL - addSequenceFlow org.eclipse.bpmn2.impl.SequenceFlowImpl@116fd433 (id: _e3fc36d3-0193-4700-a7f7-941663edff4f, anyAttribute: null) (name: null) (isImmediate: false)
INFO main org.eclipse.stardust.model.bpmn2.transform.xpdl.Bpmn2StardustXPDL - Finalize transformation.
DEBUG main org.eclipse.stardust.model.bpmn2.transform.xpdl.Bpmn2StardustXPDL - serializeTargetModel
INFO main org.eclipse.stardust.model.bpmn2.transform.TransformationControl - No Event Definition found. (Event org.eclipse.bpmn2.impl.EndEventImpl@7bc52649 (id: TestModelEndEventId, anyAttribute: null) (name: null) in org.eclipse.bpmn2.impl.ProcessImpl@4f061f45 (id: TestModelMainProcess, anyAttribute: null) (name: Hauptprozess) (isClosed: false, isExecutable: false, processType: None))
INFO main org.eclipse.stardust.model.bpmn2.transform.TransformationControl - 
INFO main org.eclipse.stardust.model.bpmn2.input.BPMNModelImporter - importModel /C:/itpearls-src/stardust-bpmn2/org.eclipse.stardust.model.bpmn2.transform/target/test-classes/models/bpmn/ParallelBox.bpmn
INFO main org.eclipse.stardust.model.bpmn2.input.BPMNModelImporter - importModel file:/C:/itpearls-src/stardust-bpmn2/org.eclipse.stardust.model.bpmn2.transform/target/test-classes/models/bpmn/ParallelBox.bpmn
INFO main org.eclipse.stardust.model.bpmn2.transform.xpdl.Bpmn2StardustXPDL - createTargetModel Parallel Box
DEBUG main org.eclipse.stardust.model.bpmn2.transform.xpdl.Bpmn2StardustXPDL - addProcess org.eclipse.bpmn2.impl.ProcessImpl@65a8b48 (id: TestModelMainProcess, anyAttribute: null) (name: Hauptprozess) (isClosed: false, isExecutable: false, processType: None)
DEBUG main org.eclipse.stardust.model.bpmn2.transform.xpdl.Bpmn2StardustXPDL - addAbstractTask org.eclipse.bpmn2.impl.TaskImpl@226e273a (id: TestModelTaskA, anyAttribute: null) (name: a) (completionQuantity: 1, isForCompensation: false, startQuantity: 1) in org.eclipse.bpmn2.impl.ProcessImpl@65a8b48 (id: TestModelMainProcess, anyAttribute: null) (name: Hauptprozess) (isClosed: false, isExecutable: false, processType: None)
DEBUG main org.eclipse.stardust.model.bpmn2.transform.xpdl.Bpmn2StardustXPDL - addAbstractTask org.eclipse.bpmn2.impl.TaskImpl@6dd1627e (id: TestModelTaskB, anyAttribute: null) (name: b) (completionQuantity: 1, isForCompensation: false, startQuantity: 1) in org.eclipse.bpmn2.impl.ProcessImpl@65a8b48 (id: TestModelMainProcess, anyAttribute: null) (name: Hauptprozess) (isClosed: false, isExecutable: false, processType: None)
DEBUG main org.eclipse.stardust.model.bpmn2.transform.xpdl.Bpmn2StardustXPDL - addAbstractTask org.eclipse.bpmn2.impl.TaskImpl@4d997685 (id: TestModelTaskC, anyAttribute: null) (name: c) (completionQuantity: 1, isForCompensation: false, startQuantity: 1) in org.eclipse.bpmn2.impl.ProcessImpl@65a8b48 (id: TestModelMainProcess, anyAttribute: null) (name: Hauptprozess) (isClosed: false, isExecutable: false, processType: None)
INFO main org.eclipse.stardust.model.bpmn2.transform.xpdl.Bpmn2StardustXPDL - Finalize transformation.
DEBUG main org.eclipse.stardust.model.bpmn2.transform.xpdl.Bpmn2StardustXPDL - serializeTargetModel
INFO main org.eclipse.stardust.model.bpmn2.transform.TransformationControl - 
INFO main org.eclipse.stardust.model.bpmn2.input.BPMNModelImporter - importModel /C:/itpearls-src/stardust-bpmn2/org.eclipse.stardust.model.bpmn2.transform/target/test-classes/models/bpmn/ConditionalSequenceWithDefaultAndUnconditional.bpmn
INFO main org.eclipse.stardust.model.bpmn2.input.BPMNModelImporter - importModel file:/C:/itpearls-src/stardust-bpmn2/org.eclipse.stardust.model.bpmn2.transform/target/test-classes/models/bpmn/ConditionalSequenceWithDefaultAndUnconditional.bpmn
INFO main org.eclipse.stardust.model.bpmn2.transform.xpdl.Bpmn2StardustXPDL - createTargetModel null
DEBUG main org.eclipse.stardust.model.bpmn2.transform.xpdl.Bpmn2StardustXPDL - addProcess org.eclipse.bpmn2.impl.ProcessImpl@5eb56f87 (id: _7cc5bd33-cc92-43ca-8c10-90eefb150e5d, anyAttribute: null) (name: Hauptprozess) (isClosed: false, isExecutable: false, processType: None)
DEBUG main org.eclipse.stardust.model.bpmn2.transform.xpdl.Bpmn2StardustXPDL - addAbstractTask org.eclipse.bpmn2.impl.TaskImpl@59ad38a4 (id: TestModelTaskX, anyAttribute: null) (name: x) (completionQuantity: 1, isForCompensation: false, startQuantity: 1) in org.eclipse.bpmn2.impl.ProcessImpl@5eb56f87 (id: _7cc5bd33-cc92-43ca-8c10-90eefb150e5d, anyAttribute: null) (name: Hauptprozess) (isClosed: false, isExecutable: false, processType: None)
DEBUG main org.eclipse.stardust.model.bpmn2.transform.xpdl.Bpmn2StardustXPDL - addAbstractTask org.eclipse.bpmn2.impl.TaskImpl@7b61c4fa (id: TestModelTaskA, anyAttribute: null) (name: a) (completionQuantity: 1, isForCompensation: false, startQuantity: 1) in org.eclipse.bpmn2.impl.ProcessImpl@5eb56f87 (id: _7cc5bd33-cc92-43ca-8c10-90eefb150e5d, anyAttribute: null) (name: Hauptprozess) (isClosed: false, isExecutable: false, processType: None)
DEBUG main org.eclipse.stardust.model.bpmn2.transform.xpdl.Bpmn2StardustXPDL - addAbstractTask org.eclipse.bpmn2.impl.TaskImpl@4fcb385e (id: TestModelTaskB, anyAttribute: null) (name: b) (completionQuantity: 1, isForCompensation: false, startQuantity: 1) in org.eclipse.bpmn2.impl.ProcessImpl@5eb56f87 (id: _7cc5bd33-cc92-43ca-8c10-90eefb150e5d, anyAttribute: null) (name: Hauptprozess) (isClosed: false, isExecutable: false, processType: None)
DEBUG main org.eclipse.stardust.model.bpmn2.transform.xpdl.Bpmn2StardustXPDL - addAbstractTask org.eclipse.bpmn2.impl.TaskImpl@26e1cc3f (id: TestModelTaskC, anyAttribute: null) (name: c) (completionQuantity: 1, isForCompensation: false, startQuantity: 1) in org.eclipse.bpmn2.impl.ProcessImpl@5eb56f87 (id: _7cc5bd33-cc92-43ca-8c10-90eefb150e5d, anyAttribute: null) (name: Hauptprozess) (isClosed: false, isExecutable: false, processType: None)
DEBUG main org.eclipse.stardust.model.bpmn2.transform.xpdl.Bpmn2StardustXPDL - Process control flows not using gateways (uncontrolled or conditional sequences) in container: org.eclipse.bpmn2.impl.ProcessImpl@5eb56f87 (id: _7cc5bd33-cc92-43ca-8c10-90eefb150e5d, anyAttribute: null) (name: Hauptprozess) (isClosed: false, isExecutable: false, processType: None)
DEBUG main org.eclipse.stardust.model.bpmn2.transform.xpdl.elements.AbstractElement2Stardust - transition: TestModelSequenceConditionalXtoA setSequenceFormalCondition 
DEBUG main org.eclipse.stardust.model.bpmn2.transform.xpdl.Bpmn2StardustXPDL - addSequenceFlow org.eclipse.bpmn2.impl.SequenceFlowImpl@749eda3f (id: TestModelSequenceConditionalXtoA, anyAttribute: null) (name: "A"=="A") (isImmediate: false)
DEBUG main org.eclipse.stardust.model.bpmn2.transform.xpdl.Bpmn2StardustXPDL - addSequenceFlow org.eclipse.bpmn2.impl.SequenceFlowImpl@690a99e9 (id: TestModelSequenceDefaultXtoC, anyAttribute: null) (name: null) (isImmediate: false)
DEBUG main org.eclipse.stardust.model.bpmn2.transform.xpdl.Bpmn2StardustXPDL - addSequenceFlow org.eclipse.bpmn2.impl.SequenceFlowImpl@36fec5df (id: TestModelSequenceXtoB, anyAttribute: null) (name: null) (isImmediate: false)
INFO main org.eclipse.stardust.model.bpmn2.transform.xpdl.Bpmn2StardustXPDL - Finalize transformation.
DEBUG main org.eclipse.stardust.model.bpmn2.transform.xpdl.Bpmn2StardustXPDL - serializeTargetModel
INFO main org.eclipse.stardust.model.bpmn2.transform.TransformationControl - 
INFO main org.eclipse.stardust.model.bpmn2.input.BPMNModelImporter - importModel /C:/itpearls-src/stardust-bpmn2/org.eclipse.stardust.model.bpmn2.transform/target/test-classes/models/bpmn/process_1.bpmn
INFO main org.eclipse.stardust.model.bpmn2.input.BPMNModelImporter - importModel file:/C:/itpearls-src/stardust-bpmn2/org.eclipse.stardust.model.bpmn2.transform/target/test-classes/models/bpmn/process_1.bpmn
INFO main org.eclipse.stardust.model.bpmn2.transform.xpdl.Bpmn2StardustXPDL - createTargetModel null
DEBUG main org.eclipse.stardust.model.bpmn2.transform.xpdl.Bpmn2StardustXPDL - addItemDefinition org.eclipse.bpmn2.impl.ItemDefinitionImpl@6621383c (id: ItemDefinition_11, anyAttribute: null) (isCollection: false, itemKind: Information)
DEBUG main org.eclipse.stardust.model.bpmn2.transform.xpdl.Bpmn2StardustXPDL - addItemDefinition org.eclipse.bpmn2.impl.ItemDefinitionImpl@ef31f86 (id: ItemDefinition_1, anyAttribute: [sdbpmn:syntheticItemDefinition=true]) (isCollection: false, itemKind: Information)
DEBUG main org.eclipse.stardust.model.bpmn2.transform.xpdl.Bpmn2StardustXPDL - addItemDefinition org.eclipse.bpmn2.impl.ItemDefinitionImpl@7b9a9e14 (id: ItemDefinition_2, anyAttribute: [sdbpmn:syntheticItemDefinition=true]) (isCollection: false, itemKind: Information)
DEBUG main org.eclipse.stardust.model.bpmn2.transform.xpdl.Bpmn2StardustXPDL - addItemDefinition org.eclipse.bpmn2.impl.ItemDefinitionImpl@64007271 (id: ItemDefinition_3, anyAttribute: null) (isCollection: false, itemKind: Information)
DEBUG main org.eclipse.stardust.model.bpmn2.transform.xpdl.Bpmn2StardustXPDL - addItemDefinition org.eclipse.bpmn2.impl.ItemDefinitionImpl@59598c01 (id: ItemDefinition_4, anyAttribute: [sdbpmn:syntheticItemDefinition=true]) (isCollection: false, itemKind: Information)
DEBUG main org.eclipse.stardust.model.bpmn2.transform.xpdl.Bpmn2StardustXPDL - addItemDefinition org.eclipse.bpmn2.impl.ItemDefinitionImpl@5f6c37b (id: ItemDefinition_5, anyAttribute: null) (isCollection: false, itemKind: Information)
DEBUG main org.eclipse.stardust.model.bpmn2.transform.xpdl.Bpmn2StardustXPDL - addItemDefinition org.eclipse.bpmn2.impl.ItemDefinitionImpl@b9bc34c (id: ItemDefinition_6, anyAttribute: null) (isCollection: false, itemKind: Information)
DEBUG main org.eclipse.stardust.model.bpmn2.transform.xpdl.Bpmn2StardustXPDL - addItemDefinition org.eclipse.bpmn2.impl.ItemDefinitionImpl@1f32b888 (id: ItemDefinition_7, anyAttribute: null) (isCollection: false, itemKind: Information)
DEBUG main org.eclipse.stardust.model.bpmn2.transform.xpdl.Bpmn2StardustXPDL - addItemDefinition org.eclipse.bpmn2.impl.ItemDefinitionImpl@3af0f8b8 (id: ItemDefinition_8, anyAttribute: [sdbpmn:syntheticItemDefinition=true]) (isCollection: false, itemKind: Information)
DEBUG main org.eclipse.stardust.model.bpmn2.transform.xpdl.Bpmn2StardustXPDL - addItemDefinition org.eclipse.bpmn2.impl.ItemDefinitionImpl@22591643 (id: ItemDefinition_9, anyAttribute: [sdbpmn:syntheticItemDefinition=true]) (isCollection: false, itemKind: Information)
DEBUG main org.eclipse.stardust.model.bpmn2.transform.xpdl.Bpmn2StardustXPDL - addItemDefinition org.eclipse.bpmn2.impl.ItemDefinitionImpl@6c49a53 (id: ItemDefinition_10, anyAttribute: [sdbpmn:syntheticItemDefinition=true]) (isCollection: false, itemKind: Information)
DEBUG main org.eclipse.stardust.model.bpmn2.transform.xpdl.Bpmn2StardustXPDL - addItemDefinition org.eclipse.bpmn2.impl.ItemDefinitionImpl@556fc29d (id: ItemDefinition_12, anyAttribute: [sdbpmn:syntheticItemDefinition=true]) (isCollection: false, itemKind: Information)
DEBUG main org.eclipse.stardust.model.bpmn2.transform.xpdl.Bpmn2StardustXPDL - addItemDefinition org.eclipse.bpmn2.impl.ItemDefinitionImpl@1c51fd3d (id: ItemDefinition_13, anyAttribute: [sdbpmn:syntheticItemDefinition=true]) (isCollection: false, itemKind: Information)
DEBUG main org.eclipse.stardust.model.bpmn2.transform.xpdl.Bpmn2StardustXPDL - addResource org.eclipse.bpmn2.impl.ResourceImpl@4ac8be51 (id: Administrator, anyAttribute: null) (name: Administrator)
INFO main org.eclipse.stardust.model.bpmn2.transform.xpdl.elements.AbstractElement2Stardust - Add service interface: org.eclipse.bpmn2.impl.InterfaceImpl@4146de32 (id: Interface_1, anyAttribute: null) (name: Interface 1)
INFO main org.eclipse.stardust.model.bpmn2.transform.xpdl.elements.AbstractElement2Stardust - Add service interface: org.eclipse.bpmn2.impl.InterfaceImpl@6d50ff26 (id: Interface_2, anyAttribute: null) (name: Interface 2)
DEBUG main org.eclipse.stardust.model.bpmn2.transform.xpdl.Bpmn2StardustXPDL - addProcess org.eclipse.bpmn2.impl.ProcessImpl@609f4fdb (id: process_1, anyAttribute: null) (name: Default Process) (isClosed: false, isExecutable: false, processType: None)
DEBUG main org.eclipse.stardust.model.bpmn2.transform.xpdl.Bpmn2StardustXPDL - addStartEventStartEvent_1 API1 in org.eclipse.bpmn2.impl.ProcessImpl@609f4fdb (id: process_1, anyAttribute: null) (name: Default Process) (isClosed: false, isExecutable: false, processType: None)
DEBUG main org.eclipse.stardust.model.bpmn2.transform.xpdl.elements.AbstractElement2Stardust - addStartEvent org.eclipse.bpmn2.impl.StartEventImpl@7b33e46b (id: StartEvent_1, anyAttribute: null) (name: API1) (parallelMultiple: false) (isInterrupting: true)
DEBUG main org.eclipse.stardust.model.bpmn2.transform.xpdl.elements.AbstractElement2Stardust - StartEvent - no event definition available (StartEvent_1). API or Manual Start is assumed.
DEBUG main org.eclipse.stardust.model.bpmn2.transform.xpdl.elements.AbstractElement2Stardust - addEndEvent org.eclipse.bpmn2.impl.EndEventImpl@bd96bfe (id: EndEvent_1, anyAttribute: null) (name: End Event 1)
DEBUG main org.eclipse.stardust.model.bpmn2.transform.xpdl.elements.AbstractElement2Stardust - addEndEvent org.eclipse.bpmn2.impl.EndEventImpl@bd96bfe (id: EndEvent_1, anyAttribute: null) (name: End Event 1)
DEBUG main org.eclipse.stardust.model.bpmn2.transform.xpdl.elements.AbstractElement2Stardust - Add user task: org.eclipse.bpmn2.impl.UserTaskImpl@6f40f6c5 (id: UserTask_1, anyAttribute: null) (name: User Task 1) (completionQuantity: 1, isForCompensation: false, startQuantity: 1) (implementation: null)
DEBUG main org.eclipse.stardust.model.bpmn2.transform.xpdl.elements.AbstractElement2Stardust - Add user task: org.eclipse.bpmn2.impl.UserTaskImpl@12093893 (id: UserTask_2, anyAttribute: null) (name: User Task 2) (completionQuantity: 1, isForCompensation: false, startQuantity: 1) (implementation: null)
DEBUG main org.eclipse.stardust.model.bpmn2.transform.xpdl.elements.AbstractElement2Stardust - Add user task: org.eclipse.bpmn2.impl.UserTaskImpl@1b614425 (id: UserTask_3, anyAttribute: null) (name: User Task 3) (completionQuantity: 1, isForCompensation: false, startQuantity: 1) (implementation: null)
DEBUG main org.eclipse.stardust.model.bpmn2.transform.xpdl.elements.AbstractElement2Stardust - Add user task: org.eclipse.bpmn2.impl.UserTaskImpl@ec0e72e (id: UserTask_4, anyAttribute: null) (name: User Task 4) (completionQuantity: 1, isForCompensation: false, startQuantity: 1) (implementation: null)
DEBUG main org.eclipse.stardust.model.bpmn2.transform.xpdl.elements.AbstractElement2Stardust - Add user task: org.eclipse.bpmn2.impl.UserTaskImpl@1a898493 (id: UserTask_5, anyAttribute: null) (name: User Task 5) (completionQuantity: 1, isForCompensation: false, startQuantity: 1) (implementation: null)
DEBUG main org.eclipse.stardust.model.bpmn2.transform.xpdl.Bpmn2StardustXPDL - addStartEventStartEvent_2 API2 in org.eclipse.bpmn2.impl.ProcessImpl@609f4fdb (id: process_1, anyAttribute: null) (name: Default Process) (isClosed: false, isExecutable: false, processType: None)
DEBUG main org.eclipse.stardust.model.bpmn2.transform.xpdl.elements.AbstractElement2Stardust - addStartEvent org.eclipse.bpmn2.impl.StartEventImpl@3a5edc81 (id: StartEvent_2, anyAttribute: null) (name: API2) (parallelMultiple: false) (isInterrupting: true)
DEBUG main org.eclipse.stardust.model.bpmn2.transform.xpdl.elements.AbstractElement2Stardust - StartEvent - no event definition available (StartEvent_2). API or Manual Start is assumed.
DEBUG main org.eclipse.stardust.model.bpmn2.transform.xpdl.Bpmn2StardustXPDL - addStartEventStartEvent_3 JMS1 in org.eclipse.bpmn2.impl.ProcessImpl@609f4fdb (id: process_1, anyAttribute: null) (name: Default Process) (isClosed: false, isExecutable: false, processType: None)
DEBUG main org.eclipse.stardust.model.bpmn2.transform.xpdl.elements.AbstractElement2Stardust - addStartEvent org.eclipse.bpmn2.impl.StartEventImpl@29deb717 (id: StartEvent_3, anyAttribute: null) (name: JMS1) (parallelMultiple: false) (isInterrupting: true)
DEBUG main org.eclipse.stardust.model.bpmn2.transform.xpdl.elements.AbstractElement2Stardust - addMessageTrigger (JMS) org.eclipse.bpmn2.impl.StartEventImpl@29deb717 (id: StartEvent_3, anyAttribute: null) (name: JMS1) (parallelMultiple: false) (isInterrupting: true)
INFO main org.eclipse.stardust.model.bpmn2.transform.xpdl.elements.common.ServiceInterfaceUtil - Found Trigger JmsTrigger_1 in interface SD_Interface_2(org.eclipse.stardust.model.bpmn2.sdbpmn.impl.StardustInterfaceTypeImpl@5cc65c7a (applicationType: jms, id: SD_Interface_2) - org.eclipse.bpmn2.impl.ExtensionAttributeValueImpl@62e17d2b (value: [sdbpmn:stardustInterface=org.eclipse.stardust.model.bpmn2.sdbpmn.impl.StardustInterfaceTypeImpl@5cc65c7a (applicationType: jms, id: SD_Interface_2)]))
ERROR main org.eclipse.stardust.model.bpmn2.transform.xpdl.elements.common.ServiceInterfaceUtil - org.eclipse.stardust.model.xpdl.carnot.impl.TriggerTypeTypeImpl@28fbf95f (elementOid: 35, id: jms, name: JMS Trigger, isPredefined: true, panelClass: null, pullTrigger: false, pullTriggerEvaluator: null, rule: null)
DEBUG main org.eclipse.stardust.model.bpmn2.transform.xpdl.Bpmn2StardustXPDL - addStartEventStartEvent_4 JMS2 in org.eclipse.bpmn2.impl.ProcessImpl@609f4fdb (id: process_1, anyAttribute: null) (name: Default Process) (isClosed: false, isExecutable: false, processType: None)
DEBUG main org.eclipse.stardust.model.bpmn2.transform.xpdl.elements.AbstractElement2Stardust - addStartEvent org.eclipse.bpmn2.impl.StartEventImpl@36b0e0fe (id: StartEvent_4, anyAttribute: null) (name: JMS2) (parallelMultiple: false) (isInterrupting: true)
DEBUG main org.eclipse.stardust.model.bpmn2.transform.xpdl.elements.AbstractElement2Stardust - addMessageTrigger (JMS) org.eclipse.bpmn2.impl.StartEventImpl@36b0e0fe (id: StartEvent_4, anyAttribute: null) (name: JMS2) (parallelMultiple: false) (isInterrupting: true)
INFO main org.eclipse.stardust.model.bpmn2.transform.xpdl.elements.common.ServiceInterfaceUtil - Found Trigger JmsTrigger_1 in interface SD_Interface_2(org.eclipse.stardust.model.bpmn2.sdbpmn.impl.StardustInterfaceTypeImpl@5cc65c7a (applicationType: jms, id: SD_Interface_2) - org.eclipse.bpmn2.impl.ExtensionAttributeValueImpl@62e17d2b (value: [sdbpmn:stardustInterface=org.eclipse.stardust.model.bpmn2.sdbpmn.impl.StardustInterfaceTypeImpl@5cc65c7a (applicationType: jms, id: SD_Interface_2)]))
ERROR main org.eclipse.stardust.model.bpmn2.transform.xpdl.elements.common.ServiceInterfaceUtil - org.eclipse.stardust.model.xpdl.carnot.impl.TriggerTypeTypeImpl@28fbf95f (elementOid: 35, id: jms, name: JMS Trigger, isPredefined: true, panelClass: null, pullTrigger: false, pullTriggerEvaluator: null, rule: null)
DEBUG main org.eclipse.stardust.model.bpmn2.transform.xpdl.Bpmn2StardustXPDL - Process control flows not using gateways (uncontrolled or conditional sequences) in container: org.eclipse.bpmn2.impl.ProcessImpl@609f4fdb (id: process_1, anyAttribute: null) (name: Default Process) (isClosed: false, isExecutable: false, processType: None)
DEBUG main org.eclipse.stardust.model.bpmn2.transform.xpdl.elements.AbstractElement2Stardust - transition: SequenceFlow_3 setSequenceTrueCondition
DEBUG main org.eclipse.stardust.model.bpmn2.transform.xpdl.elements.AbstractElement2Stardust - transition: SequenceFlow_5 setSequenceTrueCondition
DEBUG main org.eclipse.stardust.model.bpmn2.transform.xpdl.elements.AbstractElement2Stardust - transition: SequenceFlow_6 setSequenceTrueCondition
DEBUG main org.eclipse.stardust.model.bpmn2.transform.xpdl.elements.AbstractElement2Stardust - transition: SequenceFlow_7 setSequenceTrueCondition
DEBUG main org.eclipse.stardust.model.bpmn2.transform.xpdl.Bpmn2StardustXPDL - addSequenceFlow org.eclipse.bpmn2.impl.SequenceFlowImpl@7dabf474 (id: SequenceFlow_2, anyAttribute: null) (name: null) (isImmediate: false)
DEBUG main org.eclipse.stardust.model.bpmn2.transform.xpdl.Bpmn2StardustXPDL - addSequenceFlow org.eclipse.bpmn2.impl.SequenceFlowImpl@243e2c21 (id: SequenceFlow_3, anyAttribute: null) (name: null) (isImmediate: false)
DEBUG main org.eclipse.stardust.model.bpmn2.transform.xpdl.Bpmn2StardustXPDL - addSequenceFlow org.eclipse.bpmn2.impl.SequenceFlowImpl@6dc33d1d (id: SequenceFlow_4, anyAttribute: null) (name: null) (isImmediate: false)
DEBUG main org.eclipse.stardust.model.bpmn2.transform.xpdl.elements.AbstractElement2Stardust - transition: SequenceFlow_4 setSequenceTrueCondition
DEBUG main org.eclipse.stardust.model.bpmn2.transform.xpdl.Bpmn2StardustXPDL - addSequenceFlow org.eclipse.bpmn2.impl.SequenceFlowImpl@2ce17337 (id: SequenceFlow_5, anyAttribute: null) (name: null) (isImmediate: false)
DEBUG main org.eclipse.stardust.model.bpmn2.transform.xpdl.Bpmn2StardustXPDL - addSequenceFlow org.eclipse.bpmn2.impl.SequenceFlowImpl@55336e6 (id: SequenceFlow_6, anyAttribute: null) (name: null) (isImmediate: false)
DEBUG main org.eclipse.stardust.model.bpmn2.transform.xpdl.Bpmn2StardustXPDL - addSequenceFlow org.eclipse.bpmn2.impl.SequenceFlowImpl@1a3938c5 (id: SequenceFlow_7, anyAttribute: null) (name: null) (isImmediate: false)
DEBUG main org.eclipse.stardust.model.bpmn2.transform.xpdl.Bpmn2StardustXPDL - addSequenceFlow org.eclipse.bpmn2.impl.SequenceFlowImpl@22be1af6 (id: SequenceFlow_1, anyAttribute: null) (name: null) (isImmediate: false)
DEBUG main org.eclipse.stardust.model.bpmn2.transform.xpdl.Bpmn2StardustXPDL - addSequenceFlow org.eclipse.bpmn2.impl.SequenceFlowImpl@6edc1e4b (id: SequenceFlow_8, anyAttribute: null) (name: null) (isImmediate: false)
DEBUG main org.eclipse.stardust.model.bpmn2.transform.xpdl.Bpmn2StardustXPDL - addSequenceFlow org.eclipse.bpmn2.impl.SequenceFlowImpl@354906c9 (id: SequenceFlow_9, anyAttribute: null) (name: null) (isImmediate: false)
INFO main org.eclipse.stardust.model.bpmn2.transform.xpdl.Bpmn2StardustXPDL - Finalize transformation.
DEBUG main org.eclipse.stardust.model.bpmn2.transform.xpdl.Bpmn2StardustXPDL - serializeTargetModel
INFO main org.eclipse.stardust.model.bpmn2.transform.TransformationControl - No Event Definition found. (Event org.eclipse.bpmn2.impl.EndEventImpl@bd96bfe (id: EndEvent_1, anyAttribute: null) (name: End Event 1) in org.eclipse.bpmn2.impl.ProcessImpl@609f4fdb (id: process_1, anyAttribute: null) (name: Default Process) (isClosed: false, isExecutable: false, processType: None))
INFO main org.eclipse.stardust.model.bpmn2.transform.TransformationControl - Message: element transformation not supported
Message: element transformation not supported
Message: element transformation not supported
Message: element transformation not supported

